Log file open, 11/11/20 20:01:48
LogInit: Display: Running engine for game: LightningHandsVR
LogPlatformFile: Not using cached read wrapper
LogTaskGraph: Started task graph with 5 named threads and 23 total threads with 3 sets of task threads.
LogStats: Stats thread started at 1.414138
LogD3D11RHI: Loaded GFSDK_Aftermath_Lib.x64.dll
LogICUInternationalization: ICU TimeZone Detection - Raw Offset: +1:00, Platform Override: ''
LogPluginManager: Mounting plugin Paper2D
LogPluginManager: Mounting plugin AISupport
LogPluginManager: Mounting plugin LightPropagationVolume
LogPluginManager: Mounting plugin CameraShakePreviewer
LogPluginManager: Mounting plugin ActorLayerUtilities
LogPluginManager: Mounting plugin AnimationSharing
LogPluginManager: Mounting plugin CLionSourceCodeAccess
LogPluginManager: Mounting plugin CodeLiteSourceCodeAccess
LogPluginManager: Mounting plugin GitSourceControl
LogPluginManager: Mounting plugin KDevelopSourceCodeAccess
LogPluginManager: Mounting plugin NullSourceCodeAccess
LogPluginManager: Mounting plugin PerforceSourceControl
LogPluginManager: Mounting plugin PlasticSourceControl
LogPluginManager: Mounting plugin RiderSourceCodeAccess
LogPluginManager: Mounting plugin SubversionSourceControl
LogPluginManager: Mounting plugin UObjectPlugin
LogPluginManager: Mounting plugin VisualStudioCodeSourceCodeAccess
LogPluginManager: Mounting plugin VisualStudioSourceCodeAccess
LogPluginManager: Mounting plugin XCodeSourceCodeAccess
LogPluginManager: Mounting plugin AssetManagerEditor
LogPluginManager: Mounting plugin CryptoKeys
LogPluginManager: Mounting plugin CurveEditorTools
LogPluginManager: Mounting plugin DataValidation
LogPluginManager: Mounting plugin EditorScriptingUtilities
LogPluginManager: Mounting plugin FacialAnimation
LogPluginManager: Mounting plugin GameplayTagsEditor
LogPluginManager: Mounting plugin GeometryMode
LogPluginManager: Mounting plugin MacGraphicsSwitching
LogPluginManager: Mounting plugin MaterialAnalyzer
LogPluginManager: Mounting plugin MobileLauncherProfileWizard
LogPluginManager: Mounting plugin PluginBrowser
LogPluginManager: Mounting plugin SpeedTreeImporter
LogPluginManager: Mounting plugin DatasmithContent
LogPluginManager: Mounting plugin VariantManagerContent
LogPluginManager: Mounting plugin AlembicImporter
LogPluginManager: Mounting plugin AutomationUtils
LogPluginManager: Mounting plugin BackChannel
LogPluginManager: Mounting plugin ChaosCloth
LogPluginManager: Mounting plugin ChaosClothEditor
LogPluginManager: Mounting plugin ChaosEditor
LogPluginManager: Mounting plugin ChaosNiagara
LogPluginManager: Mounting plugin ChaosSolverPlugin
LogPluginManager: Mounting plugin CharacterAI
LogPluginManager: Mounting plugin GeometryCache
LogPluginManager: Mounting plugin GeometryCollectionPlugin
LogPluginManager: Mounting plugin GeometryProcessing
LogPluginManager: Mounting plugin PlanarCut
LogPluginManager: Mounting plugin PlatformCrypto
LogPluginManager: Mounting plugin ProxyLODPlugin
LogPluginManager: Mounting plugin SkeletalReduction
LogPluginManager: Mounting plugin Niagara
LogPluginManager: Mounting plugin MagicLeap
LogPluginManager: Mounting plugin MagicLeapLightEstimation
LogPluginManager: Mounting plugin MagicLeapMedia
LogPluginManager: Mounting plugin MagicLeapPassableWorld
LogPluginManager: Mounting plugin MLSDK
LogPluginManager: Mounting plugin AndroidMedia
LogPluginManager: Mounting plugin AvfMedia
LogPluginManager: Mounting plugin ImgMedia
LogPluginManager: Mounting plugin MediaCompositing
LogPluginManager: Mounting plugin MediaPlayerEditor
LogPluginManager: Mounting plugin WebMMedia
LogPluginManager: Mounting plugin WmfMedia
LogPluginManager: Mounting plugin MeshPainting
LogPluginManager: Mounting plugin TcpMessaging
LogPluginManager: Mounting plugin UdpMessaging
LogPluginManager: Mounting plugin ActorSequence
LogPluginManager: Mounting plugin LevelSequenceEditor
LogPluginManager: Mounting plugin MatineeToLevelSequence
LogPluginManager: Mounting plugin MovieRenderPipeline
LogPluginManager: Mounting plugin TemplateSequence
LogPluginManager: Mounting plugin NetcodeUnitTest
LogPluginManager: Mounting plugin NUTUnrealEngine4
LogPluginManager: Mounting plugin OnlineSubsystemGooglePlay
LogPluginManager: Mounting plugin OnlineSubsystemIOS
LogPluginManager: Mounting plugin OnlineSubsystem
LogPluginManager: Mounting plugin OnlineSubsystemNull
LogPluginManager: Mounting plugin OnlineSubsystemUtils
LogPluginManager: Mounting plugin LauncherChunkInstaller
LogPluginManager: Mounting plugin AndroidDeviceProfileSelector
LogPluginManager: Mounting plugin AndroidMoviePlayer
LogPluginManager: Mounting plugin AndroidPermission
LogPluginManager: Mounting plugin AppleImageUtils
LogPluginManager: Mounting plugin AppleMoviePlayer
LogPluginManager: Mounting plugin ArchVisCharacter
LogPluginManager: Mounting plugin AssetTags
LogPluginManager: Mounting plugin AudioCapture
LogPluginManager: Mounting plugin CableComponent
LogPluginManager: Mounting plugin CustomMeshComponent
LogPluginManager: Mounting plugin EditableMesh
LogPluginManager: Mounting plugin ExampleDeviceProfileSelector
LogPluginManager: Mounting plugin GoogleCloudMessaging
LogPluginManager: Mounting plugin GooglePAD
LogPluginManager: Mounting plugin IOSDeviceProfileSelector
LogPluginManager: Mounting plugin LinuxDeviceProfileSelector
LogPluginManager: Mounting plugin LocationServicesBPLibrary
LogPluginManager: Mounting plugin MobilePatchingUtils
LogPluginManager: Mounting plugin OculusVR
LogPluginManager: Mounting plugin PhysXVehicles
LogPluginManager: Mounting plugin PostSplashScreen
LogPluginManager: Mounting plugin ProceduralMeshComponent
LogPluginManager: Mounting plugin RuntimePhysXCooking
LogPluginManager: Mounting plugin SignificanceManager
LogPluginManager: Mounting plugin SoundFields
LogPluginManager: Mounting plugin SteamVR
LogPluginManager: Mounting plugin Synthesis
LogPluginManager: Mounting plugin WebMMoviePlayer
LogPluginManager: Mounting plugin WindowsMoviePlayer
LogPluginManager: Mounting plugin ScreenshotTools
LogInit: Using libcurl 7.55.1-DEV
LogInit:  - built for x86_64-pc-win32
LogInit:  - supports SSL with OpenSSL/1.1.1
LogInit:  - supports HTTP deflate (compression) using libz 1.2.8
LogInit:  - other features:
LogInit:      CURL_VERSION_SSL
LogInit:      CURL_VERSION_LIBZ
LogInit:      CURL_VERSION_IPV6
LogInit:      CURL_VERSION_ASYNCHDNS
LogInit:      CURL_VERSION_LARGEFILE
LogInit:      CURL_VERSION_IDN
LogInit:  CurlRequestOptions (configurable via config and command line):
LogInit:  - bVerifyPeer = true  - Libcurl will verify peer certificate
LogInit:  - bUseHttpProxy = false  - Libcurl will NOT use HTTP proxy
LogInit:  - bDontReuseConnections = false  - Libcurl will reuse connections
LogInit:  - MaxHostConnections = 16  - Libcurl will limit the number of connections to a host
LogInit:  - LocalHostAddr = Default
LogInit:  - BufferSize = 65536
LogOnline: OSS: Creating online subsystem instance for: NULL
LogInit: WinSock: version 1.1 (2.2), MaxSocks=32767, MaxUdp=65467
LogOnline: OSS: TryLoadSubsystemAndSetDefault: Loaded subsystem for module [NULL]
LogOculusPluginWrapper: OculusPlugin initialized successfully
LogHMD: Failed initializing OVRPlugin 1.44.0
LogInit: Build: ++UE4+Release-4.25-CL-13594126
LogInit: Engine Version: 4.25.1-13594126+++UE4+Release-4.25
LogInit: Compatible Engine Version: 4.25.0-13144385+++UE4+Release-4.25
LogInit: Net CL: 13144385
LogInit: OS: Windows 10 (Release 1909) (), CPU: Intel(R) Core(TM) i7-7700 CPU @ 3.60GHz, GPU: NVIDIA GeForce GTX 1080
LogInit: Compiled (64-bit): Jun  2 2020 02:10:36
LogInit: Compiled with Visual C++: 19.24.28315.00
LogInit: Build Configuration: Development
LogInit: Branch Name: ++UE4+Release-4.25
LogInit: Command Line: 
LogInit: Base Directory: S:/Programs/Unreal/UE_4.25/Engine/Binaries/Win64/
LogInit: Allocator: TBB
LogInit: Installed Engine Build: 1
LogDevObjectVersion: Number of dev versions registered: 26
LogDevObjectVersion:   Dev-Blueprints (B0D832E4-1F89-4F0D-ACCF-7EB736FD4AA2): 10
LogDevObjectVersion:   Dev-Build (E1C64328-A22C-4D53-A36C-8E866417BD8C): 0
LogDevObjectVersion:   Dev-Core (375EC13C-06E4-48FB-B500-84F0262A717E): 4
LogDevObjectVersion:   Dev-Editor (E4B068ED-F494-42E9-A231-DA0B2E46BB41): 38
LogDevObjectVersion:   Dev-Framework (CFFC743F-43B0-4480-9391-14DF171D2073): 37
LogDevObjectVersion:   Dev-Mobile (B02B49B5-BB20-44E9-A304-32B752E40360): 2
LogDevObjectVersion:   Dev-Networking (A4E4105C-59A1-49B5-A7C5-40C4547EDFEE): 0
LogDevObjectVersion:   Dev-Online (39C831C9-5AE6-47DC-9A44-9C173E1C8E7C): 0
LogDevObjectVersion:   Dev-Physics (78F01B33-EBEA-4F98-B9B4-84EACCB95AA2): 4
LogDevObjectVersion:   Dev-Platform (6631380F-2D4D-43E0-8009-CF276956A95A): 0
LogDevObjectVersion:   Dev-Rendering (12F88B9F-8875-4AFC-A67C-D90C383ABD29): 43
LogDevObjectVersion:   Dev-Sequencer (7B5AE74C-D270-4C10-A958-57980B212A5A): 12
LogDevObjectVersion:   Dev-VR (D7296918-1DD6-4BDD-9DE2-64A83CC13884): 3
LogDevObjectVersion:   Dev-LoadTimes (C2A15278-BFE7-4AFE-6C17-90FF531DF755): 1
LogDevObjectVersion:   Private-Geometry (6EACA3D4-40EC-4CC1-B786-8BED09428FC5): 3
LogDevObjectVersion:   Dev-AnimPhys (29E575DD-E0A3-4627-9D10-D276232CDCEA): 17
LogDevObjectVersion:   Dev-Anim (AF43A65D-7FD3-4947-9873-3E8ED9C1BB05): 7
LogDevObjectVersion:   Dev-ReflectionCapture (6B266CEC-1EC7-4B8F-A30B-E4D90942FC07): 1
LogDevObjectVersion:   Dev-Automation (0DF73D61-A23F-47EA-B727-89E90C41499A): 1
LogDevObjectVersion:   FortniteMain (601D1886-AC64-4F84-AA16-D3DE0DEAC7D6): 31
LogDevObjectVersion:   Dev-Enterprise (9DFFBCD6-494F-0158-E221-12823C92A888): 10
LogDevObjectVersion:   Dev-Niagara (F2AED0AC-9AFE-416F-8664-AA7FFA26D6FC): 1
LogDevObjectVersion:   Dev-Destruction (174F1F0B-B4C6-45A5-B13F-2EE8D0FB917D): 10
LogDevObjectVersion:   Dev-Physics-Ext (35F94A83-E258-406C-A318-09F59610247C): 37
LogDevObjectVersion:   Dev-PhysicsMaterial-Chaos (B68FC16E-8B1B-42E2-B453-215C058844FE): 1
LogDevObjectVersion:   Dev-CineCamera (B2E18506-4273-CFC2-A54E-F4BB758BBA07): 1
LogInit: Presizing for max 25165824 objects, including 0 objects not considered by GC, pre-allocating 0 bytes for permanent pool.
LogConfig: Applying CVar settings from Section [/Script/Engine.StreamingSettings] File [S:/Documents/Unreal/HeroHandsVR/LightningHandsVR/LightningHandsVR/Saved/Config/Windows/Engine.ini]
LogConfig: Setting CVar [[s.MinBulkDataSizeForAsyncLoading:131072]]
LogConfig: Setting CVar [[s.AsyncLoadingThreadEnabled:0]]
LogConfig: Setting CVar [[s.EventDrivenLoaderEnabled:1]]
LogConfig: Setting CVar [[s.WarnIfTimeLimitExceeded:0]]
LogConfig: Setting CVar [[s.TimeLimitExceededMultiplier:1.5]]
LogConfig: Setting CVar [[s.TimeLimitExceededMinTime:0.005]]
LogConfig: Setting CVar [[s.UseBackgroundLevelStreaming:1]]
LogConfig: Setting CVar [[s.PriorityAsyncLoadingExtraTime:15.0]]
LogConfig: Setting CVar [[s.LevelStreamingActorsUpdateTimeLimit:5.0]]
LogConfig: Setting CVar [[s.PriorityLevelStreamingActorsUpdateExtraTime:5.0]]
LogConfig: Setting CVar [[s.LevelStreamingComponentsRegistrationGranularity:10]]
LogConfig: Setting CVar [[s.UnregisterComponentsTimeLimit:1.0]]
LogConfig: Setting CVar [[s.LevelStreamingComponentsUnregistrationGranularity:5]]
LogConfig: Setting CVar [[s.FlushStreamingOnExit:1]]
LogInit: Object subsystem initialized
LogConfig: Setting CVar [[con.DebugEarlyDefault:1]]
LogConfig: Setting CVar [[r.setres:1280x720]]
[2020.11.11-19.01.57:086][  0]LogConfig: Setting CVar [[r.VSync:0]]
[2020.11.11-19.01.57:086][  0]LogConfig: Setting CVar [[r.RHICmdBypass:0]]
[2020.11.11-19.01.57:086][  0]LogConfig: Applying CVar settings from Section [/Script/Engine.RendererSettings] File [S:/Documents/Unreal/HeroHandsVR/LightningHandsVR/LightningHandsVR/Saved/Config/Windows/Engine.ini]
[2020.11.11-19.01.57:086][  0]LogConfig: Setting CVar [[r.GPUCrashDebugging:0]]
[2020.11.11-19.01.57:086][  0]LogConfig: Setting CVar [[r.Mobile.DisableVertexFog:1]]
[2020.11.11-19.01.57:086][  0]LogConfig: Setting CVar [[r.Shadow.CSM.MaxMobileCascades:2]]
[2020.11.11-19.01.57:086][  0]LogConfig: Setting CVar [[r.MobileMSAA:1]]
[2020.11.11-19.01.57:086][  0]LogConfig: Setting CVar [[r.Mobile.UseLegacyShadingModel:0]]
[2020.11.11-19.01.57:086][  0]LogConfig: Setting CVar [[r.Mobile.AllowDitheredLODTransition:0]]
[2020.11.11-19.01.57:086][  0]LogConfig: Setting CVar [[r.Mobile.AllowSoftwareOcclusion:0]]
[2020.11.11-19.01.57:086][  0]LogConfig: Setting CVar [[r.Mobile.VirtualTextures:0]]
[2020.11.11-19.01.57:086][  0]LogConfig: Setting CVar [[r.DiscardUnusedQuality:0]]
[2020.11.11-19.01.57:086][  0]LogConfig: Setting CVar [[r.AllowOcclusionQueries:1]]
[2020.11.11-19.01.57:086][  0]LogConfig: Setting CVar [[r.MinScreenRadiusForLights:0.030000]]
[2020.11.11-19.01.57:086][  0]LogConfig: Setting CVar [[r.MinScreenRadiusForDepthPrepass:0.030000]]
[2020.11.11-19.01.57:086][  0]LogConfig: Setting CVar [[r.MinScreenRadiusForCSMDepth:0.010000]]
[2020.11.11-19.01.57:086][  0]LogConfig: Setting CVar [[r.PrecomputedVisibilityWarning:0]]
[2020.11.11-19.01.57:086][  0]LogConfig: Setting CVar [[r.TextureStreaming:1]]
[2020.11.11-19.01.57:086][  0]LogConfig: Setting CVar [[Compat.UseDXT5NormalMaps:0]]
[2020.11.11-19.01.57:086][  0]LogConfig: Setting CVar [[r.VirtualTextures:0]]
[2020.11.11-19.01.57:086][  0]LogConfig: Setting CVar [[r.VirtualTexturedLightmaps:0]]
[2020.11.11-19.01.57:086][  0]LogConfig: Setting CVar [[r.VT.TileSize:128]]
[2020.11.11-19.01.57:086][  0]LogConfig: Setting CVar [[r.VT.TileBorderSize:4]]
[2020.11.11-19.01.57:086][  0]LogConfig: Setting CVar [[r.vt.FeedbackFactor:16]]
[2020.11.11-19.01.57:086][  0]LogConfig: Setting CVar [[r.VT.EnableCompressZlib:1]]
[2020.11.11-19.01.57:086][  0]LogConfig: Setting CVar [[r.VT.EnableCompressCrunch:0]]
[2020.11.11-19.01.57:086][  0]LogConfig: Setting CVar [[r.ClearCoatNormal:0]]
[2020.11.11-19.01.57:086][  0]LogConfig: Setting CVar [[r.AnisotropicBRDF:0]]
[2020.11.11-19.01.57:086][  0]LogConfig: Setting CVar [[r.ReflectionCaptureResolution:128]]
[2020.11.11-19.01.57:086][  0]LogConfig: Setting CVar [[r.ReflectionEnvironmentLightmapMixBasedOnRoughness:1]]
[2020.11.11-19.01.57:086][  0]LogConfig: Setting CVar [[r.ForwardShading:0]]
[2020.11.11-19.01.57:086][  0]LogConfig: Setting CVar [[r.VertexFoggingForOpaque:1]]
[2020.11.11-19.01.57:086][  0]LogConfig: Setting CVar [[r.AllowStaticLighting:1]]
[2020.11.11-19.01.57:086][  0]LogConfig: Setting CVar [[r.NormalMapsForStaticLighting:0]]
[2020.11.11-19.01.57:086][  0]LogConfig: Setting CVar [[r.GenerateMeshDistanceFields:0]]
[2020.11.11-19.01.57:086][  0]LogConfig: Setting CVar [[r.DistanceFieldBuild.EightBit:0]]
[2020.11.11-19.01.57:086][  0]LogConfig: Setting CVar [[r.GenerateLandscapeGIData:0]]
[2020.11.11-19.01.57:086][  0]LogConfig: Setting CVar [[r.DistanceFieldBuild.Compress:0]]
[2020.11.11-19.01.57:086][  0]LogConfig: Setting CVar [[r.TessellationAdaptivePixelsPerTriangle:48.000000]]
[2020.11.11-19.01.57:086][  0]LogConfig: Setting CVar [[r.SeparateTranslucency:0]]
[2020.11.11-19.01.57:086][  0]LogConfig: Setting CVar [[r.TranslucentSortPolicy:0]]
[2020.11.11-19.01.57:086][  0]LogConfig: Setting CVar [[r.CustomDepth:1]]
[2020.11.11-19.01.57:086][  0]LogConfig: Setting CVar [[r.CustomDepthTemporalAAJitter:1]]
[2020.11.11-19.01.57:086][  0]LogConfig: Setting CVar [[r.PostProcessing.PropagateAlpha:0]]
[2020.11.11-19.01.57:086][  0]LogConfig: Setting CVar [[r.DefaultFeature.Bloom:0]]
[2020.11.11-19.01.57:086][  0]LogConfig: Setting CVar [[r.DefaultFeature.AmbientOcclusion:0]]
[2020.11.11-19.01.57:086][  0]LogConfig: Setting CVar [[r.DefaultFeature.AmbientOcclusionStaticFraction:0]]
[2020.11.11-19.01.57:086][  0]LogConfig: Setting CVar [[r.DefaultFeature.AutoExposure:0]]
[2020.11.11-19.01.57:086][  0]LogConfig: Setting CVar [[r.DefaultFeature.AutoExposure.Method:0]]
[2020.11.11-19.01.57:086][  0]LogConfig: Setting CVar [[r.DefaultFeature.AutoExposure.Bias:1.000000]]
[2020.11.11-19.01.57:086][  0]LogConfig: Setting CVar [[r.DefaultFeature.AutoExposure.ExtendDefaultLuminanceRange:0]]
[2020.11.11-19.01.57:086][  0]LogConfig: Setting CVar [[r.UsePreExposure:1]]
[2020.11.11-19.01.57:086][  0]LogConfig: Setting CVar [[r.EyeAdaptation.EditorOnly:0]]
[2020.11.11-19.01.57:087][  0]LogConfig: Setting CVar [[r.DefaultFeature.MotionBlur:0]]
[2020.11.11-19.01.57:087][  0]LogConfig: Setting CVar [[r.DefaultFeature.LensFlare:0]]
[2020.11.11-19.01.57:087][  0]LogConfig: Setting CVar [[r.TemporalAA.Upsampling:0]]
[2020.11.11-19.01.57:087][  0]LogConfig: Setting CVar [[r.SSGI.Enable:0]]
[2020.11.11-19.01.57:087][  0]LogConfig: Setting CVar [[r.DefaultFeature.AntiAliasing:0]]
[2020.11.11-19.01.57:087][  0]LogConfig: Setting CVar [[r.DefaultFeature.LightUnits:1]]
[2020.11.11-19.01.57:087][  0]LogConfig: Setting CVar [[r.DefaultBackBufferPixelFormat:4]]
[2020.11.11-19.01.57:087][  0]LogConfig: Setting CVar [[r.Shadow.UnbuiltPreviewInGame:1]]
[2020.11.11-19.01.57:087][  0]LogConfig: Setting CVar [[r.StencilForLODDither:0]]
[2020.11.11-19.01.57:087][  0]LogConfig: Setting CVar [[r.EarlyZPass:3]]
[2020.11.11-19.01.57:087][  0]LogConfig: Setting CVar [[r.EarlyZPassOnlyMaterialMasking:0]]
[2020.11.11-19.01.57:087][  0]LogConfig: Setting CVar [[r.DBuffer:1]]
[2020.11.11-19.01.57:087][  0]LogConfig: Setting CVar [[r.ClearSceneMethod:1]]
[2020.11.11-19.01.57:087][  0]LogConfig: Setting CVar [[r.BasePassOutputsVelocity:0]]
[2020.11.11-19.01.57:087][  0]LogConfig: Setting CVar [[r.VertexDeformationOutputsVelocity:0]]
[2020.11.11-19.01.57:087][  0]LogConfig: Setting CVar [[r.SelectiveBasePassOutputs:0]]
[2020.11.11-19.01.57:087][  0]LogConfig: Setting CVar [[fx.GPUSimulationTextureSizeX:1024]]
[2020.11.11-19.01.57:087][  0]LogConfig: Setting CVar [[fx.GPUSimulationTextureSizeY:1024]]
[2020.11.11-19.01.57:087][  0]LogConfig: Setting CVar [[r.AllowGlobalClipPlane:0]]
[2020.11.11-19.01.57:087][  0]LogConfig: Setting CVar [[r.GBufferFormat:1]]
[2020.11.11-19.01.57:087][  0]LogConfig: Setting CVar [[r.MorphTarget.Mode:1]]
[2020.11.11-19.01.57:087][  0]LogConfig: Setting CVar [[vr.InstancedStereo:1]]
[2020.11.11-19.01.57:087][  0]LogConfig: Setting CVar [[r.MobileHDR:1]]
[2020.11.11-19.01.57:087][  0]LogConfig: Setting CVar [[vr.MobileMultiView:0]]
[2020.11.11-19.01.57:087][  0]LogConfig: Setting CVar [[r.Mobile.UseHWsRGBEncoding:0]]
[2020.11.11-19.01.57:087][  0]LogConfig: Setting CVar [[vr.RoundRobinOcclusion:0]]
[2020.11.11-19.01.57:087][  0]LogConfig: Setting CVar [[vr.ODSCapture:0]]
[2020.11.11-19.01.57:087][  0]LogConfig: Setting CVar [[r.MeshStreaming:0]]
[2020.11.11-19.01.57:087][  0]LogConfig: Setting CVar [[r.WireframeCullThreshold:5.000000]]
[2020.11.11-19.01.57:087][  0]LogConfig: Setting CVar [[r.RayTracing:0]]
[2020.11.11-19.01.57:087][  0]LogConfig: Setting CVar [[r.RayTracing.UseTextureLod:0]]
[2020.11.11-19.01.57:087][  0]LogConfig: Setting CVar [[r.SupportStationarySkylight:1]]
[2020.11.11-19.01.57:087][  0]LogConfig: Setting CVar [[r.SupportLowQualityLightmaps:1]]
[2020.11.11-19.01.57:087][  0]LogConfig: Setting CVar [[r.SupportPointLightWholeSceneShadows:1]]
[2020.11.11-19.01.57:087][  0]LogConfig: Setting CVar [[r.SupportAtmosphericFog:1]]
[2020.11.11-19.01.57:087][  0]LogConfig: Setting CVar [[r.SupportSkyAtmosphere:1]]
[2020.11.11-19.01.57:087][  0]LogConfig: Setting CVar [[r.SupportSkyAtmosphereAffectsHeightFog:0]]
[2020.11.11-19.01.57:087][  0]LogConfig: Setting CVar [[r.SkinCache.CompileShaders:0]]
[2020.11.11-19.01.57:087][  0]LogConfig: Setting CVar [[r.SkinCache.DefaultBehavior:1]]
[2020.11.11-19.01.57:087][  0]LogConfig: Setting CVar [[r.SkinCache.SceneMemoryLimitInMB:128.000000]]
[2020.11.11-19.01.57:087][  0]LogConfig: Setting CVar [[r.Mobile.EnableStaticAndCSMShadowReceivers:1]]
[2020.11.11-19.01.57:087][  0]LogConfig: Setting CVar [[r.Mobile.EnableMovableLightCSMShaderCulling:1]]
[2020.11.11-19.01.57:087][  0]LogConfig: Setting CVar [[r.Mobile.AllowDistanceFieldShadows:1]]
[2020.11.11-19.01.57:087][  0]LogConfig: Setting CVar [[r.Mobile.AllowMovableDirectionalLights:1]]
[2020.11.11-19.01.57:087][  0]LogConfig: Setting CVar [[r.MobileNumDynamicPointLights:4]]
[2020.11.11-19.01.57:087][  0]LogConfig: Setting CVar [[r.MobileDynamicPointLightsUseStaticBranch:1]]
[2020.11.11-19.01.57:087][  0]LogConfig: Setting CVar [[r.Mobile.EnableMovableSpotlights:0]]
[2020.11.11-19.01.57:087][  0]LogConfig: Setting CVar [[r.GPUSkin.Support16BitBoneIndex:0]]
[2020.11.11-19.01.57:087][  0]LogConfig: Setting CVar [[r.GPUSkin.Limit2BoneInfluences:0]]
[2020.11.11-19.01.57:087][  0]LogConfig: Setting CVar [[r.SupportDepthOnlyIndexBuffers:1]]
[2020.11.11-19.01.57:087][  0]LogConfig: Setting CVar [[r.SupportReversedIndexBuffers:1]]
[2020.11.11-19.01.57:087][  0]LogConfig: Setting CVar [[r.SupportMaterialLayers:0]]
[2020.11.11-19.01.57:087][  0]LogConfig: Setting CVar [[r.LightPropagationVolume:0]]
[2020.11.11-19.01.57:087][  0]LogConfig: Applying CVar settings from Section [/Script/Engine.RendererOverrideSettings] File [S:/Documents/Unreal/HeroHandsVR/LightningHandsVR/LightningHandsVR/Saved/Config/Windows/Engine.ini]
[2020.11.11-19.01.57:087][  0]LogConfig: Applying CVar settings from Section [/Script/Engine.StreamingSettings] File [S:/Documents/Unreal/HeroHandsVR/LightningHandsVR/LightningHandsVR/Saved/Config/Windows/Engine.ini]
[2020.11.11-19.01.57:087][  0]LogConfig: Setting CVar [[s.MinBulkDataSizeForAsyncLoading:131072]]
[2020.11.11-19.01.57:087][  0]LogConfig: Setting CVar [[s.AsyncLoadingThreadEnabled:0]]
[2020.11.11-19.01.57:087][  0]LogConfig: Setting CVar [[s.EventDrivenLoaderEnabled:1]]
[2020.11.11-19.01.57:087][  0]LogConfig: Setting CVar [[s.WarnIfTimeLimitExceeded:0]]
[2020.11.11-19.01.57:087][  0]LogConfig: Setting CVar [[s.TimeLimitExceededMultiplier:1.5]]
[2020.11.11-19.01.57:087][  0]LogConfig: Setting CVar [[s.TimeLimitExceededMinTime:0.005]]
[2020.11.11-19.01.57:087][  0]LogConfig: Setting CVar [[s.UseBackgroundLevelStreaming:1]]
[2020.11.11-19.01.57:087][  0]LogConfig: Setting CVar [[s.PriorityAsyncLoadingExtraTime:15.0]]
[2020.11.11-19.01.57:087][  0]LogConfig: Setting CVar [[s.LevelStreamingActorsUpdateTimeLimit:5.0]]
[2020.11.11-19.01.57:087][  0]LogConfig: Setting CVar [[s.PriorityLevelStreamingActorsUpdateExtraTime:5.0]]
[2020.11.11-19.01.57:087][  0]LogConfig: Setting CVar [[s.LevelStreamingComponentsRegistrationGranularity:10]]
[2020.11.11-19.01.57:087][  0]LogConfig: Setting CVar [[s.UnregisterComponentsTimeLimit:1.0]]
[2020.11.11-19.01.57:087][  0]LogConfig: Setting CVar [[s.LevelStreamingComponentsUnregistrationGranularity:5]]
[2020.11.11-19.01.57:087][  0]LogConfig: Setting CVar [[s.FlushStreamingOnExit:1]]
[2020.11.11-19.01.57:087][  0]LogConfig: Applying CVar settings from Section [/Script/Engine.GarbageCollectionSettings] File [S:/Documents/Unreal/HeroHandsVR/LightningHandsVR/LightningHandsVR/Saved/Config/Windows/Engine.ini]
[2020.11.11-19.01.57:087][  0]LogConfig: Setting CVar [[gc.MaxObjectsNotConsideredByGC:1]]
[2020.11.11-19.01.57:087][  0]LogConfig: Setting CVar [[gc.SizeOfPermanentObjectPool:0]]
[2020.11.11-19.01.57:088][  0]LogConfig: Setting CVar [[gc.FlushStreamingOnGC:0]]
[2020.11.11-19.01.57:088][  0]LogConfig: Setting CVar [[gc.NumRetriesBeforeForcingGC:10]]
[2020.11.11-19.01.57:088][  0]LogConfig: Setting CVar [[gc.AllowParallelGC:1]]
[2020.11.11-19.01.57:088][  0]LogConfig: Setting CVar [[gc.TimeBetweenPurgingPendingKillObjects:61.1]]
[2020.11.11-19.01.57:088][  0]LogConfig: Setting CVar [[gc.MaxObjectsInEditor:25165824]]
[2020.11.11-19.01.57:088][  0]LogConfig: Setting CVar [[gc.IncrementalBeginDestroyEnabled:1]]
[2020.11.11-19.01.57:088][  0]LogConfig: Setting CVar [[gc.CreateGCClusters:1]]
[2020.11.11-19.01.57:088][  0]LogConfig: Setting CVar [[gc.MinGCClusterSize:5]]
[2020.11.11-19.01.57:088][  0]LogConfig: Setting CVar [[gc.ActorClusteringEnabled:0]]
[2020.11.11-19.01.57:088][  0]LogConfig: Setting CVar [[gc.BlueprintClusteringEnabled:0]]
[2020.11.11-19.01.57:088][  0]LogConfig: Setting CVar [[gc.UseDisregardForGCOnDedicatedServers:0]]
[2020.11.11-19.01.57:088][  0]LogConfig: Applying CVar settings from Section [/Script/Engine.NetworkSettings] File [S:/Documents/Unreal/HeroHandsVR/LightningHandsVR/LightningHandsVR/Saved/Config/Windows/Engine.ini]
[2020.11.11-19.01.57:088][  0]LogConfig: Applying CVar settings from Section [/Script/UnrealEd.CookerSettings] File [S:/Documents/Unreal/HeroHandsVR/LightningHandsVR/LightningHandsVR/Saved/Config/Windows/Engine.ini]
[2020.11.11-19.01.57:090][  0]LogConfig: Applying CVar settings from Section [ViewDistanceQuality@3] File [S:/Documents/Unreal/HeroHandsVR/LightningHandsVR/LightningHandsVR/Saved/Config/Windows/Scalability.ini]
[2020.11.11-19.01.57:090][  0]LogConfig: Setting CVar [[r.SkeletalMeshLODBias:0]]
[2020.11.11-19.01.57:090][  0]LogConfig: Setting CVar [[r.ViewDistanceScale:1.0]]
[2020.11.11-19.01.57:090][  0]LogConfig: Applying CVar settings from Section [AntiAliasingQuality@3] File [S:/Documents/Unreal/HeroHandsVR/LightningHandsVR/LightningHandsVR/Saved/Config/Windows/Scalability.ini]
[2020.11.11-19.01.57:090][  0]LogConfig: Setting CVar [[r.PostProcessAAQuality:3]]
[2020.11.11-19.01.57:090][  0]LogConfig: Applying CVar settings from Section [ShadowQuality@3] File [S:/Documents/Unreal/HeroHandsVR/LightningHandsVR/LightningHandsVR/Saved/Config/Windows/Scalability.ini]
[2020.11.11-19.01.57:090][  0]LogConfig: Setting CVar [[r.LightFunctionQuality:1]]
[2020.11.11-19.01.57:090][  0]LogConfig: Setting CVar [[r.ShadowQuality:5]]
[2020.11.11-19.01.57:090][  0]LogConfig: Setting CVar [[r.Shadow.CSM.MaxCascades:10]]
[2020.11.11-19.01.57:090][  0]LogConfig: Setting CVar [[r.Shadow.MaxResolution:2048]]
[2020.11.11-19.01.57:090][  0]LogConfig: Setting CVar [[r.Shadow.MaxCSMResolution:2048]]
[2020.11.11-19.01.57:090][  0]LogConfig: Setting CVar [[r.Shadow.RadiusThreshold:0.01]]
[2020.11.11-19.01.57:090][  0]LogConfig: Setting CVar [[r.Shadow.DistanceScale:1.0]]
[2020.11.11-19.01.57:091][  0]LogConfig: Setting CVar [[r.Shadow.CSM.TransitionScale:1.0]]
[2020.11.11-19.01.57:091][  0]LogConfig: Setting CVar [[r.Shadow.PreShadowResolutionFactor:1.0]]
[2020.11.11-19.01.57:091][  0]LogConfig: Setting CVar [[r.DistanceFieldShadowing:1]]
[2020.11.11-19.01.57:091][  0]LogConfig: Setting CVar [[r.DistanceFieldAO:1]]
[2020.11.11-19.01.57:091][  0]LogConfig: Setting CVar [[r.AOQuality:2]]
[2020.11.11-19.01.57:091][  0]LogConfig: Setting CVar [[r.VolumetricFog:1]]
[2020.11.11-19.01.57:091][  0]LogConfig: Setting CVar [[r.VolumetricFog.GridPixelSize:8]]
[2020.11.11-19.01.57:091][  0]LogConfig: Setting CVar [[r.VolumetricFog.GridSizeZ:128]]
[2020.11.11-19.01.57:091][  0]LogConfig: Setting CVar [[r.VolumetricFog.HistoryMissSupersampleCount:4]]
[2020.11.11-19.01.57:091][  0]LogConfig: Setting CVar [[r.LightMaxDrawDistanceScale:1]]
[2020.11.11-19.01.57:091][  0]LogConfig: Setting CVar [[r.CapsuleShadows:1]]
[2020.11.11-19.01.57:091][  0]LogConfig: Applying CVar settings from Section [PostProcessQuality@3] File [S:/Documents/Unreal/HeroHandsVR/LightningHandsVR/LightningHandsVR/Saved/Config/Windows/Scalability.ini]
[2020.11.11-19.01.57:091][  0]LogConfig: Setting CVar [[r.MotionBlurQuality:0]]
[2020.11.11-19.01.57:091][  0]LogConfig: Setting CVar [[r.AmbientOcclusionMipLevelFactor:0.4]]
[2020.11.11-19.01.57:091][  0]LogConfig: Setting CVar [[r.AmbientOcclusionMaxQuality:100]]
[2020.11.11-19.01.57:091][  0]LogConfig: Setting CVar [[r.AmbientOcclusionLevels:0]]
[2020.11.11-19.01.57:091][  0]LogConfig: Setting CVar [[r.AmbientOcclusionRadiusScale:1.0]]
[2020.11.11-19.01.57:091][  0]LogConfig: Setting CVar [[r.DepthOfFieldQuality:0]]
[2020.11.11-19.01.57:091][  0]LogConfig: Setting CVar [[r.RenderTargetPoolMin:400]]
[2020.11.11-19.01.57:091][  0]LogConfig: Setting CVar [[r.LensFlareQuality:0]]
[2020.11.11-19.01.57:091][  0]LogConfig: Setting CVar [[r.SceneColorFringeQuality:0]]
[2020.11.11-19.01.57:091][  0]LogConfig: Setting CVar [[r.EyeAdaptationQuality:2]]
[2020.11.11-19.01.57:091][  0]LogConfig: Setting CVar [[r.BloomQuality:1]]
[2020.11.11-19.01.57:091][  0]LogConfig: Setting CVar [[r.FastBlurThreshold:0]]
[2020.11.11-19.01.57:091][  0]LogConfig: Setting CVar [[r.Upscale.Quality:3]]
[2020.11.11-19.01.57:091][  0]LogConfig: Setting CVar [[r.Tonemapper.GrainQuantization:1]]
[2020.11.11-19.01.57:091][  0]LogConfig: Setting CVar [[r.LightShaftQuality:1]]
[2020.11.11-19.01.57:091][  0]LogConfig: Setting CVar [[r.Filter.SizeScale:1]]
[2020.11.11-19.01.57:091][  0]LogConfig: Setting CVar [[r.Tonemapper.Quality:5]]
[2020.11.11-19.01.57:091][  0]LogConfig: Setting CVar [[r.DOF.Gather.AccumulatorQuality:1        ; higher gathering accumulator quality]]
[2020.11.11-19.01.57:091][  0]LogConfig: Setting CVar [[r.DOF.Gather.PostfilterMethod:1          ; Median3x3 postfilering method]]
[2020.11.11-19.01.57:091][  0]LogConfig: Setting CVar [[r.DOF.Gather.EnableBokehSettings:0       ; no bokeh simulation when gathering]]
[2020.11.11-19.01.57:091][  0]LogConfig: Setting CVar [[r.DOF.Gather.RingCount:4                 ; medium number of samples when gathering]]
[2020.11.11-19.01.57:091][  0]LogConfig: Setting CVar [[r.DOF.Scatter.ForegroundCompositing:1    ; additive foreground scattering]]
[2020.11.11-19.01.57:091][  0]LogConfig: Setting CVar [[r.DOF.Scatter.BackgroundCompositing:2    ; additive background scattering]]
[2020.11.11-19.01.57:091][  0]LogConfig: Setting CVar [[r.DOF.Scatter.EnableBokehSettings:1      ; bokeh simulation when scattering]]
[2020.11.11-19.01.57:091][  0]LogConfig: Setting CVar [[r.DOF.Scatter.MaxSpriteRatio:0.1         ; only a maximum of 10% of scattered bokeh]]
[2020.11.11-19.01.57:091][  0]LogConfig: Setting CVar [[r.DOF.Recombine.Quality:1                ; cheap slight out of focus]]
[2020.11.11-19.01.57:091][  0]LogConfig: Setting CVar [[r.DOF.Recombine.EnableBokehSettings:0    ; no bokeh simulation on slight out of focus]]
[2020.11.11-19.01.57:091][  0]LogConfig: Setting CVar [[r.DOF.TemporalAAQuality:1                ; more stable temporal accumulation]]
[2020.11.11-19.01.57:091][  0]LogConfig: Setting CVar [[r.DOF.Kernel.MaxForegroundRadius:0.025]]
[2020.11.11-19.01.57:091][  0]LogConfig: Setting CVar [[r.DOF.Kernel.MaxBackgroundRadius:0.025]]
[2020.11.11-19.01.57:091][  0]LogConfig: Applying CVar settings from Section [TextureQuality@3] File [S:/Documents/Unreal/HeroHandsVR/LightningHandsVR/LightningHandsVR/Saved/Config/Windows/Scalability.ini]
[2020.11.11-19.01.57:091][  0]LogConfig: Setting CVar [[r.Streaming.MipBias:0]]
[2020.11.11-19.01.57:091][  0]LogConfig: Setting CVar [[r.Streaming.AmortizeCPUToGPUCopy:0]]
[2020.11.11-19.01.57:091][  0]LogConfig: Setting CVar [[r.Streaming.MaxNumTexturesToStreamPerFrame:0]]
[2020.11.11-19.01.57:091][  0]LogConfig: Setting CVar [[r.Streaming.Boost:1]]
[2020.11.11-19.01.57:091][  0]LogConfig: Setting CVar [[r.MaxAnisotropy:8]]
[2020.11.11-19.01.57:091][  0]LogConfig: Setting CVar [[r.VT.MaxAnisotropy:8]]
[2020.11.11-19.01.57:092][  0]LogConfig: Setting CVar [[r.Streaming.LimitPoolSizeToVRAM:0]]
[2020.11.11-19.01.57:092][  0]LogConfig: Setting CVar [[r.Streaming.PoolSize:1000]]
[2020.11.11-19.01.57:092][  0]LogConfig: Setting CVar [[r.Streaming.MaxEffectiveScreenSize:0]]
[2020.11.11-19.01.57:092][  0]LogConfig: Applying CVar settings from Section [EffectsQuality@3] File [S:/Documents/Unreal/HeroHandsVR/LightningHandsVR/LightningHandsVR/Saved/Config/Windows/Scalability.ini]
[2020.11.11-19.01.57:092][  0]LogConfig: Setting CVar [[r.TranslucencyLightingVolumeDim:4]]
[2020.11.11-19.01.57:092][  0]LogConfig: Setting CVar [[r.RefractionQuality:2]]
[2020.11.11-19.01.57:092][  0]LogConfig: Setting CVar [[r.SSR.Quality:0]]
[2020.11.11-19.01.57:092][  0]LogConfig: Setting CVar [[r.SSR.HalfResSceneColor:0]]
[2020.11.11-19.01.57:092][  0]LogConfig: Setting CVar [[r.SceneColorFormat:2]]
[2020.11.11-19.01.57:092][  0]LogConfig: Setting CVar [[r.DetailMode:2]]
[2020.11.11-19.01.57:092][  0]LogConfig: Setting CVar [[r.TranslucencyVolumeBlur:0]]
[2020.11.11-19.01.57:092][  0]LogConfig: Setting CVar [[r.MaterialQualityLevel:1 ; High quality]]
[2020.11.11-19.01.57:092][  0]LogConfig: Setting CVar [[r.SSS.Scale:1]]
[2020.11.11-19.01.57:092][  0]LogConfig: Setting CVar [[r.SSS.SampleSet:2]]
[2020.11.11-19.01.57:092][  0]LogConfig: Setting CVar [[r.SSS.Quality:1]]
[2020.11.11-19.01.57:092][  0]LogConfig: Setting CVar [[r.SSS.HalfRes:0]]
[2020.11.11-19.01.57:092][  0]LogConfig: Setting CVar [[r.SSGI.Quality:3]]
[2020.11.11-19.01.57:092][  0]LogConfig: Setting CVar [[r.EmitterSpawnRateScale:1.0]]
[2020.11.11-19.01.57:092][  0]LogConfig: Setting CVar [[r.ParticleLightQuality:2]]
[2020.11.11-19.01.57:092][  0]LogConfig: Setting CVar [[r.SkyAtmosphere.AerialPerspectiveLUT.FastApplyOnOpaque:1 ; Always have FastSkyLUT 1 in this case to avoid wrong sky]]
[2020.11.11-19.01.57:092][  0]LogConfig: Setting CVar [[r.SkyAtmosphere.AerialPerspectiveLUT.SampleCountPerSlice:1]]
[2020.11.11-19.01.57:092][  0]LogConfig: Setting CVar [[r.SkyAtmosphere.AerialPerspectiveLUT.DepthResolution:16.0]]
[2020.11.11-19.01.57:092][  0]LogConfig: Setting CVar [[r.SkyAtmosphere.FastSkyLUT:1]]
[2020.11.11-19.01.57:092][  0]LogConfig: Setting CVar [[r.SkyAtmosphere.FastSkyLUT.SampleCountMin:4.0]]
[2020.11.11-19.01.57:092][  0]LogConfig: Setting CVar [[r.SkyAtmosphere.FastSkyLUT.SampleCountMax:32.0]]
[2020.11.11-19.01.57:092][  0]LogConfig: Setting CVar [[r.SkyAtmosphere.SampleCountMin:4.0]]
[2020.11.11-19.01.57:092][  0]LogConfig: Setting CVar [[r.SkyAtmosphere.SampleCountMax:32.0]]
[2020.11.11-19.01.57:092][  0]LogConfig: Setting CVar [[r.SkyAtmosphere.TransmittanceLUT.UseSmallFormat:0]]
[2020.11.11-19.01.57:092][  0]LogConfig: Setting CVar [[r.SkyAtmosphere.TransmittanceLUT.SampleCount:10.0]]
[2020.11.11-19.01.57:092][  0]LogConfig: Setting CVar [[r.SkyAtmosphere.MultiScatteringLUT.SampleCount:15.0]]
[2020.11.11-19.01.57:092][  0]LogConfig: Applying CVar settings from Section [FoliageQuality@3] File [S:/Documents/Unreal/HeroHandsVR/LightningHandsVR/LightningHandsVR/Saved/Config/Windows/Scalability.ini]
[2020.11.11-19.01.57:092][  0]LogConfig: Setting CVar [[foliage.DensityScale:1.0]]
[2020.11.11-19.01.57:092][  0]LogConfig: Setting CVar [[grass.DensityScale:1.0]]
[2020.11.11-19.01.57:092][  0]LogConfig: Applying CVar settings from Section [ShadingQuality@3] File [S:/Documents/Unreal/HeroHandsVR/LightningHandsVR/LightningHandsVR/Saved/Config/Windows/Scalability.ini]
[2020.11.11-19.01.57:092][  0]LogConfig: Setting CVar [[r.HairStrands.SkyLighting.SampleCount:16]]
[2020.11.11-19.01.57:092][  0]LogConfig: Setting CVar [[r.HairStrands.SkyLighting.JitterIntegration:0]]
[2020.11.11-19.01.57:092][  0]LogConfig: Setting CVar [[r.HairStrands.SkyAO.SampleCount:16]]
[2020.11.11-19.01.57:092][  0]LogConfig: Setting CVar [[r.HairStrands.DeepShadow.SuperSampling:0]]
[2020.11.11-19.01.57:092][  0]LogConfig: Setting CVar [[r.HairStrands.VisibilityPPLL:0]]
[2020.11.11-19.01.57:092][  0]LogConfig: Setting CVar [[r.HairStrands.RasterizationScale:0.5]]
[2020.11.11-19.01.57:092][  0]LogConfig: Setting CVar [[r.HairStrands.VelocityRasterizationScale:1]]
[2020.11.11-19.01.57:093][  0]LogInit: Selected Device Profile: [Windows]
[2020.11.11-19.01.57:093][  0]LogInit: Applying CVar settings loaded from the selected device profile: [Windows]
[2020.11.11-19.01.57:093][  0]LogHAL: Display: Platform has ~ 8 GB [8529289216 / 8589934592 / 8], which maps to Default [LargestMinGB=32, LargerMinGB=12, DefaultMinGB=8, SmallerMinGB=6, SmallestMinGB=0)
[2020.11.11-19.01.57:093][  0]LogInit: Going up to parent DeviceProfile []
[2020.11.11-19.01.57:093][  0]LogConfig: Applying CVar settings from Section [ViewDistanceQuality@3] File [S:/Documents/Unreal/HeroHandsVR/LightningHandsVR/LightningHandsVR/Saved/Config/Windows/Scalability.ini]
[2020.11.11-19.01.57:093][  0]LogConfig: Setting CVar [[r.SkeletalMeshLODBias:0]]
[2020.11.11-19.01.57:093][  0]LogConfig: Setting CVar [[r.ViewDistanceScale:1.0]]
[2020.11.11-19.01.57:093][  0]LogConfig: Applying CVar settings from Section [AntiAliasingQuality@3] File [S:/Documents/Unreal/HeroHandsVR/LightningHandsVR/LightningHandsVR/Saved/Config/Windows/Scalability.ini]
[2020.11.11-19.01.57:093][  0]LogConfig: Setting CVar [[r.PostProcessAAQuality:3]]
[2020.11.11-19.01.57:093][  0]LogConfig: Applying CVar settings from Section [ShadowQuality@3] File [S:/Documents/Unreal/HeroHandsVR/LightningHandsVR/LightningHandsVR/Saved/Config/Windows/Scalability.ini]
[2020.11.11-19.01.57:093][  0]LogConfig: Setting CVar [[r.LightFunctionQuality:1]]
[2020.11.11-19.01.57:093][  0]LogConfig: Setting CVar [[r.ShadowQuality:5]]
[2020.11.11-19.01.57:093][  0]LogConfig: Setting CVar [[r.Shadow.CSM.MaxCascades:10]]
[2020.11.11-19.01.57:093][  0]LogConfig: Setting CVar [[r.Shadow.MaxResolution:2048]]
[2020.11.11-19.01.57:093][  0]LogConfig: Setting CVar [[r.Shadow.MaxCSMResolution:2048]]
[2020.11.11-19.01.57:093][  0]LogConfig: Setting CVar [[r.Shadow.RadiusThreshold:0.01]]
[2020.11.11-19.01.57:093][  0]LogConfig: Setting CVar [[r.Shadow.DistanceScale:1.0]]
[2020.11.11-19.01.57:093][  0]LogConfig: Setting CVar [[r.Shadow.CSM.TransitionScale:1.0]]
[2020.11.11-19.01.57:093][  0]LogConfig: Setting CVar [[r.Shadow.PreShadowResolutionFactor:1.0]]
[2020.11.11-19.01.57:093][  0]LogConfig: Setting CVar [[r.DistanceFieldShadowing:1]]
[2020.11.11-19.01.57:093][  0]LogConfig: Setting CVar [[r.DistanceFieldAO:1]]
[2020.11.11-19.01.57:093][  0]LogConfig: Setting CVar [[r.AOQuality:2]]
[2020.11.11-19.01.57:093][  0]LogConfig: Setting CVar [[r.VolumetricFog:1]]
[2020.11.11-19.01.57:093][  0]LogConfig: Setting CVar [[r.VolumetricFog.GridPixelSize:8]]
[2020.11.11-19.01.57:093][  0]LogConfig: Setting CVar [[r.VolumetricFog.GridSizeZ:128]]
[2020.11.11-19.01.57:093][  0]LogConfig: Setting CVar [[r.VolumetricFog.HistoryMissSupersampleCount:4]]
[2020.11.11-19.01.57:093][  0]LogConfig: Setting CVar [[r.LightMaxDrawDistanceScale:1]]
[2020.11.11-19.01.57:093][  0]LogConfig: Setting CVar [[r.CapsuleShadows:1]]
[2020.11.11-19.01.57:093][  0]LogConfig: Applying CVar settings from Section [PostProcessQuality@3] File [S:/Documents/Unreal/HeroHandsVR/LightningHandsVR/LightningHandsVR/Saved/Config/Windows/Scalability.ini]
[2020.11.11-19.01.57:093][  0]LogConfig: Setting CVar [[r.MotionBlurQuality:0]]
[2020.11.11-19.01.57:093][  0]LogConfig: Setting CVar [[r.AmbientOcclusionMipLevelFactor:0.4]]
[2020.11.11-19.01.57:093][  0]LogConfig: Setting CVar [[r.AmbientOcclusionMaxQuality:100]]
[2020.11.11-19.01.57:093][  0]LogConfig: Setting CVar [[r.AmbientOcclusionLevels:0]]
[2020.11.11-19.01.57:093][  0]LogConfig: Setting CVar [[r.AmbientOcclusionRadiusScale:1.0]]
[2020.11.11-19.01.57:093][  0]LogConfig: Setting CVar [[r.DepthOfFieldQuality:0]]
[2020.11.11-19.01.57:093][  0]LogConfig: Setting CVar [[r.RenderTargetPoolMin:400]]
[2020.11.11-19.01.57:093][  0]LogConfig: Setting CVar [[r.LensFlareQuality:0]]
[2020.11.11-19.01.57:093][  0]LogConfig: Setting CVar [[r.SceneColorFringeQuality:0]]
[2020.11.11-19.01.57:093][  0]LogConfig: Setting CVar [[r.EyeAdaptationQuality:2]]
[2020.11.11-19.01.57:093][  0]LogConfig: Setting CVar [[r.BloomQuality:1]]
[2020.11.11-19.01.57:094][  0]LogConfig: Setting CVar [[r.FastBlurThreshold:0]]
[2020.11.11-19.01.57:094][  0]LogConfig: Setting CVar [[r.Upscale.Quality:3]]
[2020.11.11-19.01.57:094][  0]LogConfig: Setting CVar [[r.Tonemapper.GrainQuantization:1]]
[2020.11.11-19.01.57:094][  0]LogConfig: Setting CVar [[r.LightShaftQuality:1]]
[2020.11.11-19.01.57:094][  0]LogConfig: Setting CVar [[r.Filter.SizeScale:1]]
[2020.11.11-19.01.57:094][  0]LogConfig: Setting CVar [[r.Tonemapper.Quality:5]]
[2020.11.11-19.01.57:094][  0]LogConfig: Setting CVar [[r.DOF.Gather.AccumulatorQuality:1        ; higher gathering accumulator quality]]
[2020.11.11-19.01.57:094][  0]LogConfig: Setting CVar [[r.DOF.Gather.PostfilterMethod:1          ; Median3x3 postfilering method]]
[2020.11.11-19.01.57:094][  0]LogConfig: Setting CVar [[r.DOF.Gather.EnableBokehSettings:0       ; no bokeh simulation when gathering]]
[2020.11.11-19.01.57:094][  0]LogConfig: Setting CVar [[r.DOF.Gather.RingCount:4                 ; medium number of samples when gathering]]
[2020.11.11-19.01.57:094][  0]LogConfig: Setting CVar [[r.DOF.Scatter.ForegroundCompositing:1    ; additive foreground scattering]]
[2020.11.11-19.01.57:094][  0]LogConfig: Setting CVar [[r.DOF.Scatter.BackgroundCompositing:2    ; additive background scattering]]
[2020.11.11-19.01.57:094][  0]LogConfig: Setting CVar [[r.DOF.Scatter.EnableBokehSettings:1      ; bokeh simulation when scattering]]
[2020.11.11-19.01.57:094][  0]LogConfig: Setting CVar [[r.DOF.Scatter.MaxSpriteRatio:0.1         ; only a maximum of 10% of scattered bokeh]]
[2020.11.11-19.01.57:094][  0]LogConfig: Setting CVar [[r.DOF.Recombine.Quality:1                ; cheap slight out of focus]]
[2020.11.11-19.01.57:094][  0]LogConfig: Setting CVar [[r.DOF.Recombine.EnableBokehSettings:0    ; no bokeh simulation on slight out of focus]]
[2020.11.11-19.01.57:094][  0]LogConfig: Setting CVar [[r.DOF.TemporalAAQuality:1                ; more stable temporal accumulation]]
[2020.11.11-19.01.57:094][  0]LogConfig: Setting CVar [[r.DOF.Kernel.MaxForegroundRadius:0.025]]
[2020.11.11-19.01.57:094][  0]LogConfig: Setting CVar [[r.DOF.Kernel.MaxBackgroundRadius:0.025]]
[2020.11.11-19.01.57:094][  0]LogConfig: Applying CVar settings from Section [TextureQuality@3] File [S:/Documents/Unreal/HeroHandsVR/LightningHandsVR/LightningHandsVR/Saved/Config/Windows/Scalability.ini]
[2020.11.11-19.01.57:094][  0]LogConfig: Setting CVar [[r.Streaming.MipBias:0]]
[2020.11.11-19.01.57:094][  0]LogConfig: Setting CVar [[r.Streaming.AmortizeCPUToGPUCopy:0]]
[2020.11.11-19.01.57:094][  0]LogConfig: Setting CVar [[r.Streaming.MaxNumTexturesToStreamPerFrame:0]]
[2020.11.11-19.01.57:094][  0]LogConfig: Setting CVar [[r.Streaming.Boost:1]]
[2020.11.11-19.01.57:094][  0]LogConfig: Setting CVar [[r.MaxAnisotropy:8]]
[2020.11.11-19.01.57:094][  0]LogConfig: Setting CVar [[r.VT.MaxAnisotropy:8]]
[2020.11.11-19.01.57:094][  0]LogConfig: Setting CVar [[r.Streaming.LimitPoolSizeToVRAM:0]]
[2020.11.11-19.01.57:094][  0]LogConfig: Setting CVar [[r.Streaming.PoolSize:1000]]
[2020.11.11-19.01.57:094][  0]LogConfig: Setting CVar [[r.Streaming.MaxEffectiveScreenSize:0]]
[2020.11.11-19.01.57:094][  0]LogConfig: Applying CVar settings from Section [EffectsQuality@3] File [S:/Documents/Unreal/HeroHandsVR/LightningHandsVR/LightningHandsVR/Saved/Config/Windows/Scalability.ini]
[2020.11.11-19.01.57:094][  0]LogConfig: Setting CVar [[r.TranslucencyLightingVolumeDim:4]]
[2020.11.11-19.01.57:094][  0]LogConfig: Setting CVar [[r.RefractionQuality:2]]
[2020.11.11-19.01.57:094][  0]LogConfig: Setting CVar [[r.SSR.Quality:0]]
[2020.11.11-19.01.57:094][  0]LogConfig: Setting CVar [[r.SSR.HalfResSceneColor:0]]
[2020.11.11-19.01.57:094][  0]LogConfig: Setting CVar [[r.SceneColorFormat:2]]
[2020.11.11-19.01.57:094][  0]LogConfig: Setting CVar [[r.DetailMode:2]]
[2020.11.11-19.01.57:094][  0]LogConfig: Setting CVar [[r.TranslucencyVolumeBlur:0]]
[2020.11.11-19.01.57:094][  0]LogConfig: Setting CVar [[r.MaterialQualityLevel:1 ; High quality]]
[2020.11.11-19.01.57:094][  0]LogConfig: Setting CVar [[r.SSS.Scale:1]]
[2020.11.11-19.01.57:094][  0]LogConfig: Setting CVar [[r.SSS.SampleSet:2]]
[2020.11.11-19.01.57:094][  0]LogConfig: Setting CVar [[r.SSS.Quality:1]]
[2020.11.11-19.01.57:094][  0]LogConfig: Setting CVar [[r.SSS.HalfRes:0]]
[2020.11.11-19.01.57:094][  0]LogConfig: Setting CVar [[r.SSGI.Quality:3]]
[2020.11.11-19.01.57:094][  0]LogConfig: Setting CVar [[r.EmitterSpawnRateScale:1.0]]
[2020.11.11-19.01.57:094][  0]LogConfig: Setting CVar [[r.ParticleLightQuality:2]]
[2020.11.11-19.01.57:094][  0]LogConfig: Setting CVar [[r.SkyAtmosphere.AerialPerspectiveLUT.FastApplyOnOpaque:1 ; Always have FastSkyLUT 1 in this case to avoid wrong sky]]
[2020.11.11-19.01.57:094][  0]LogConfig: Setting CVar [[r.SkyAtmosphere.AerialPerspectiveLUT.SampleCountPerSlice:1]]
[2020.11.11-19.01.57:094][  0]LogConfig: Setting CVar [[r.SkyAtmosphere.AerialPerspectiveLUT.DepthResolution:16.0]]
[2020.11.11-19.01.57:094][  0]LogConfig: Setting CVar [[r.SkyAtmosphere.FastSkyLUT:1]]
[2020.11.11-19.01.57:094][  0]LogConfig: Setting CVar [[r.SkyAtmosphere.FastSkyLUT.SampleCountMin:4.0]]
[2020.11.11-19.01.57:094][  0]LogConfig: Setting CVar [[r.SkyAtmosphere.FastSkyLUT.SampleCountMax:32.0]]
[2020.11.11-19.01.57:094][  0]LogConfig: Setting CVar [[r.SkyAtmosphere.SampleCountMin:4.0]]
[2020.11.11-19.01.57:095][  0]LogConfig: Setting CVar [[r.SkyAtmosphere.SampleCountMax:32.0]]
[2020.11.11-19.01.57:095][  0]LogConfig: Setting CVar [[r.SkyAtmosphere.TransmittanceLUT.UseSmallFormat:0]]
[2020.11.11-19.01.57:095][  0]LogConfig: Setting CVar [[r.SkyAtmosphere.TransmittanceLUT.SampleCount:10.0]]
[2020.11.11-19.01.57:095][  0]LogConfig: Setting CVar [[r.SkyAtmosphere.MultiScatteringLUT.SampleCount:15.0]]
[2020.11.11-19.01.57:095][  0]LogConfig: Applying CVar settings from Section [FoliageQuality@3] File [S:/Documents/Unreal/HeroHandsVR/LightningHandsVR/LightningHandsVR/Saved/Config/Windows/Scalability.ini]
[2020.11.11-19.01.57:095][  0]LogConfig: Setting CVar [[foliage.DensityScale:1.0]]
[2020.11.11-19.01.57:095][  0]LogConfig: Setting CVar [[grass.DensityScale:1.0]]
[2020.11.11-19.01.57:095][  0]LogConfig: Applying CVar settings from Section [ShadingQuality@3] File [S:/Documents/Unreal/HeroHandsVR/LightningHandsVR/LightningHandsVR/Saved/Config/Windows/Scalability.ini]
[2020.11.11-19.01.57:095][  0]LogConfig: Setting CVar [[r.HairStrands.SkyLighting.SampleCount:16]]
[2020.11.11-19.01.57:095][  0]LogConfig: Setting CVar [[r.HairStrands.SkyLighting.JitterIntegration:0]]
[2020.11.11-19.01.57:095][  0]LogConfig: Setting CVar [[r.HairStrands.SkyAO.SampleCount:16]]
[2020.11.11-19.01.57:095][  0]LogConfig: Setting CVar [[r.HairStrands.DeepShadow.SuperSampling:0]]
[2020.11.11-19.01.57:095][  0]LogConfig: Setting CVar [[r.HairStrands.VisibilityPPLL:0]]
[2020.11.11-19.01.57:095][  0]LogConfig: Setting CVar [[r.HairStrands.RasterizationScale:0.5]]
[2020.11.11-19.01.57:095][  0]LogConfig: Setting CVar [[r.HairStrands.VelocityRasterizationScale:1]]
[2020.11.11-19.01.57:095][  0]LogConfig: Applying CVar settings from Section [Startup] File [../../../Engine/Config/ConsoleVariables.ini]
[2020.11.11-19.01.57:107][  0]LogConfig: Setting CVar [[net.UseAdaptiveNetUpdateFrequency:0]]
[2020.11.11-19.01.57:107][  0]LogConfig: Setting CVar [[p.chaos.AllowCreatePhysxBodies:1]]
[2020.11.11-19.01.57:107][  0]LogConfig: Setting CVar [[fx.SkipVectorVMBackendOptimizations:1]]
[2020.11.11-19.01.57:107][  0]LogConfig: Applying CVar settings from Section [ConsoleVariables] File [S:/Documents/Unreal/HeroHandsVR/LightningHandsVR/LightningHandsVR/Saved/Config/Windows/Engine.ini]
[2020.11.11-19.01.57:116][  0]LogInit: Computer: DOHERTYS-DESKTO
[2020.11.11-19.01.57:116][  0]LogInit: User: Doherty
[2020.11.11-19.01.57:116][  0]LogInit: CPU Page size=4096, Cores=4
[2020.11.11-19.01.57:116][  0]LogInit: High frequency timer resolution =10.000000 MHz
[2020.11.11-19.01.57:116][  0]LogMemory: Memory total: Physical=7.9GB (8GB approx)
[2020.11.11-19.01.57:116][  0]LogMemory: Platform Memory Stats for Windows
[2020.11.11-19.01.57:116][  0]LogMemory: Process Physical Memory: 116.86 MB used, 116.86 MB peak
[2020.11.11-19.01.57:116][  0]LogMemory: Process Virtual Memory: 100.12 MB used, 100.12 MB peak
[2020.11.11-19.01.57:116][  0]LogMemory: Physical Memory: 4778.16 MB used,  3356.00 MB free, 8134.16 MB total
[2020.11.11-19.01.57:116][  0]LogMemory: Virtual Memory: 5185.54 MB used,  134212544.00 MB free, 134217728.00 MB total
[2020.11.11-19.01.57:123][  0]LogWindows: WindowsPlatformFeatures enabled
[2020.11.11-19.01.57:419][  0]LogInit: Physics initialised using underlying interface: PhysX
[2020.11.11-19.01.57:427][  0]LogInit: Using OS detected language (en-US).
[2020.11.11-19.01.57:428][  0]LogInit: Using OS detected locale (en-GB).
[2020.11.11-19.01.57:438][  0]LogTextLocalizationManager: No specific localization for 'en-US' exists, so the 'en' localization will be used.
[2020.11.11-19.01.57:904][  0]LogInit: Setting process to per monitor DPI aware
[2020.11.11-19.01.58:036][  0]LogSlate: New Slate User Created.  User Index 0, Is Virtual User: 0
[2020.11.11-19.01.58:036][  0]LogSlate: Slate User Registered.  User Index 0, Is Virtual User: 0
[2020.11.11-19.02.03:708][  0]LogHMD: Failed to initialize OpenVR with code 108
[2020.11.11-19.02.03:708][  0]LogD3D11RHI: D3D11 min allowed feature level: 11_0
[2020.11.11-19.02.03:708][  0]LogD3D11RHI: D3D11 max allowed feature level: 11_0
[2020.11.11-19.02.03:708][  0]LogD3D11RHI: D3D11 adapters:
[2020.11.11-19.02.03:789][  0]LogD3D11RHI:    0. 'NVIDIA GeForce GTX 1080' (Feature Level 11_0)
[2020.11.11-19.02.03:789][  0]LogD3D11RHI:       8079/0/4067 MB DedicatedVideo/DedicatedSystem/SharedSystem, Outputs:1, VendorId:0x10de
[2020.11.11-19.02.03:792][  0]LogD3D11RHI:    1. 'Microsoft Basic Render Driver' (Feature Level 11_0)
[2020.11.11-19.02.03:792][  0]LogD3D11RHI:       0/0/4067 MB DedicatedVideo/DedicatedSystem/SharedSystem, Outputs:0, VendorId:0x1414
[2020.11.11-19.02.03:792][  0]LogD3D11RHI: Chosen D3D11 Adapter: 0
[2020.11.11-19.02.03:799][  0]LogD3D11RHI: Creating new Direct3DDevice
[2020.11.11-19.02.03:799][  0]LogD3D11RHI:     GPU DeviceId: 0x1b80 (for the marketing name, search the web for "GPU Device Id")
[2020.11.11-19.02.03:799][  0]LogWindows: EnumDisplayDevices:
[2020.11.11-19.02.03:799][  0]LogWindows:    0. 'NVIDIA GeForce GTX 1080' (P:1 D:1)
[2020.11.11-19.02.03:800][  0]LogWindows:    1. 'NVIDIA GeForce GTX 1080' (P:0 D:0)
[2020.11.11-19.02.03:800][  0]LogWindows:    2. 'NVIDIA GeForce GTX 1080' (P:0 D:0)
[2020.11.11-19.02.03:800][  0]LogWindows:    3. 'NVIDIA GeForce GTX 1080' (P:0 D:0)
[2020.11.11-19.02.03:801][  0]LogWindows: DebugString: FoundDriverCount:4 
[2020.11.11-19.02.03:801][  0]LogD3D11RHI:     Adapter Name: NVIDIA GeForce GTX 1080
[2020.11.11-19.02.03:801][  0]LogD3D11RHI:   Driver Version: 456.38 (internal:27.21.14.5638, unified:456.38)
[2020.11.11-19.02.03:801][  0]LogD3D11RHI:      Driver Date: 9-14-2020
[2020.11.11-19.02.03:801][  0]LogRHI: Texture pool is 5655 MB (70% of 8079 MB)
[2020.11.11-19.02.03:840][  0]LogD3D11RHI: RHI has support for 64 bit atomics
[2020.11.11-19.02.03:843][  0]LogD3D11RHI: [Aftermath] Enabled and primed
[2020.11.11-19.02.03:843][  0]LogD3D11RHI: Async texture creation enabled
[2020.11.11-19.02.03:843][  0]LogD3D11RHI: Array index from any shader is supported
[2020.11.11-19.02.03:877][  0]LogD3D11RHI: GPU Timing Frequency: 1000.000000 (Debug: 2 1)
[2020.11.11-19.02.04:858][  0]LogTargetPlatformManager: Display: Loaded TargetPlatform 'AllDesktop'
[2020.11.11-19.02.04:904][  0]LogTargetPlatformManager: Display: Loaded TargetPlatform 'Android'
[2020.11.11-19.02.04:904][  0]LogTargetPlatformManager: Display: Loaded TargetPlatform 'Android_ASTC'
[2020.11.11-19.02.04:904][  0]LogTargetPlatformManager: Display: Loaded TargetPlatform 'Android_DXT'
[2020.11.11-19.02.04:904][  0]LogTargetPlatformManager: Display: Loaded TargetPlatform 'Android_ETC2'
[2020.11.11-19.02.04:904][  0]LogTargetPlatformManager: Display: Loaded TargetPlatform 'AndroidClient'
[2020.11.11-19.02.04:904][  0]LogTargetPlatformManager: Display: Loaded TargetPlatform 'Android_ASTCClient'
[2020.11.11-19.02.04:904][  0]LogTargetPlatformManager: Display: Loaded TargetPlatform 'Android_DXTClient'
[2020.11.11-19.02.04:904][  0]LogTargetPlatformManager: Display: Loaded TargetPlatform 'Android_ETC2Client'
[2020.11.11-19.02.04:904][  0]LogTargetPlatformManager: Display: Loaded TargetPlatform 'Android_Multi'
[2020.11.11-19.02.04:904][  0]LogTargetPlatformManager: Display: Loaded TargetPlatform 'Android_MultiClient'
[2020.11.11-19.02.04:973][  0]LogTargetPlatformManager: Display: Loaded TargetPlatform 'IOSClient'
[2020.11.11-19.02.04:973][  0]LogTargetPlatformManager: Display: Loaded TargetPlatform 'IOS'
[2020.11.11-19.02.05:029][  0]LogTargetPlatformManager: Display: Loaded TargetPlatform 'Linux'
[2020.11.11-19.02.05:057][  0]LogTargetPlatformManager: Display: Loaded TargetPlatform 'LinuxNoEditor'
[2020.11.11-19.02.05:072][  0]LogTargetPlatformManager: Display: Loaded TargetPlatform 'LinuxClient'
[2020.11.11-19.02.05:088][  0]LogTargetPlatformManager: Display: Loaded TargetPlatform 'LinuxServer'
[2020.11.11-19.02.05:111][  0]LogTargetPlatformManager: Display: Loaded TargetPlatform 'LinuxAArch64NoEditor'
[2020.11.11-19.02.05:127][  0]LogTargetPlatformManager: Display: Loaded TargetPlatform 'LinuxAArch64Client'
[2020.11.11-19.02.05:143][  0]LogTargetPlatformManager: Display: Loaded TargetPlatform 'LinuxAArch64Server'
[2020.11.11-19.02.05:192][  0]LogTargetPlatformManager: Display: Loaded TargetPlatform 'Lumin'
[2020.11.11-19.02.05:192][  0]LogTargetPlatformManager: Display: Loaded TargetPlatform 'LuminClient'
[2020.11.11-19.02.05:217][  0]LogTargetPlatformManager: Display: Loaded TargetPlatform 'TVOSClient'
[2020.11.11-19.02.05:217][  0]LogTargetPlatformManager: Display: Loaded TargetPlatform 'TVOS'
[2020.11.11-19.02.05:241][  0]LogTargetPlatformManager: Display: Loaded TargetPlatform 'WindowsNoEditor'
[2020.11.11-19.02.05:258][  0]LogTargetPlatformManager: Display: Loaded TargetPlatform 'Windows'
[2020.11.11-19.02.05:274][  0]LogTargetPlatformManager: Display: Loaded TargetPlatform 'WindowsClient'
[2020.11.11-19.02.05:289][  0]LogTargetPlatformManager: Display: Loaded TargetPlatform 'WindowsServer'
[2020.11.11-19.02.05:290][  0]LogTargetPlatformManager: Display: Building Assets For Windows
[2020.11.11-19.02.05:420][  0]LogAudioDebug: Display: Lib vorbis DLL was dynamically loaded.
[2020.11.11-19.02.05:714][  0]LogShaderCompilers: Guid format shader working directory is -32 characters bigger than the processId version (../../../../../../Documents/Unreal/HeroHandsVR/LightningHandsVR/LightningHandsVR/Intermediate/Shaders/WorkingDirectory/8064/).
[2020.11.11-19.02.05:714][  0]LogShaderCompilers: Cleaned the shader compiler working directory 'C:/Users/Doherty/AppData/Local/Temp/UnrealShaderWorkingDir/B6A52EE84CC66EC24907F695F7D5C751/'.
[2020.11.11-19.02.05:720][  0]LogXGEController: Cleaning working directory: C:/Users/Doherty/AppData/Local/Temp/UnrealXGEWorkingDir/
[2020.11.11-19.02.05:720][  0]LogXGEController: Cannot use XGE Controller as Incredibuild is not installed on this machine.
[2020.11.11-19.02.05:721][  0]LogShaderCompilers: Cannot use XGE Shader Compiler as Incredibuild is not installed on this machine.
[2020.11.11-19.02.05:721][  0]LogShaderCompilers: Display: Using Local Shader Compiler.
[2020.11.11-19.02.07:018][  0]LogDerivedDataCache: Display: Max Cache Size: 512 MB
[2020.11.11-19.02.07:433][  0]LogDerivedDataCache: Loaded boot cache 0.42s 98MB C:/Users/Doherty/AppData/Local/UnrealEngine/4.25/DerivedDataCache/Boot.ddc.
[2020.11.11-19.02.07:434][  0]LogDerivedDataCache: Display: Loaded Boot cache: C:/Users/Doherty/AppData/Local/UnrealEngine/4.25/DerivedDataCache/Boot.ddc
[2020.11.11-19.02.07:434][  0]LogDerivedDataCache: FDerivedDataBackendGraph:  Pak pak cache file ../../../../../../Documents/Unreal/HeroHandsVR/LightningHandsVR/LightningHandsVR/DerivedDataCache/DDC.ddp not found, will not use a pak cache.
[2020.11.11-19.02.07:434][  0]LogDerivedDataCache: Unable to find inner node Pak for hierarchical cache Hierarchy.
[2020.11.11-19.02.07:434][  0]LogDerivedDataCache: FDerivedDataBackendGraph:  CompressedPak pak cache file ../../../../../../Documents/Unreal/HeroHandsVR/LightningHandsVR/LightningHandsVR/DerivedDataCache/Compressed.ddp not found, will not use a pak cache.
[2020.11.11-19.02.07:434][  0]LogDerivedDataCache: Unable to find inner node CompressedPak for hierarchical cache Hierarchy.
[2020.11.11-19.02.07:454][  0]LogDerivedDataCache: Display: Pak cache opened for reading ../../../Engine/DerivedDataCache/Compressed.ddp.
[2020.11.11-19.02.07:454][  0]LogDerivedDataCache: FDerivedDataBackendGraph:  EnterprisePak pak cache file ../../../Enterprise/DerivedDataCache/Compressed.ddp not found, will not use a pak cache.
[2020.11.11-19.02.07:454][  0]LogDerivedDataCache: Unable to find inner node EnterprisePak for hierarchical cache Hierarchy.
[2020.11.11-19.02.07:455][  0]LogDerivedDataCache: Using Local data cache path C:/Users/Doherty/AppData/Local/UnrealEngine/Common/DerivedDataCache: Writable
[2020.11.11-19.02.07:455][  0]LogDerivedDataCache: Shared data cache path not found in *engine.ini, will not use an Shared cache.
[2020.11.11-19.02.07:455][  0]LogDerivedDataCache: Unable to find inner node Shared for hierarchical cache Hierarchy.
[2020.11.11-19.02.07:505][  0]LogSlate: Using FreeType 2.10.0
[2020.11.11-19.02.07:528][  0]LogSlate: SlateFontServices - WITH_FREETYPE: 1, WITH_HARFBUZZ: 1
[2020.11.11-19.02.07:735][  0]LogAssetRegistry: FAssetRegistry took 0.0034 seconds to start up
[2020.11.11-19.02.08:099][  0]LogInit: Selected Device Profile: [Windows]
[2020.11.11-19.02.08:790][  0]LogMeshReduction: Using QuadricMeshReduction for automatic static mesh reduction
[2020.11.11-19.02.08:790][  0]LogMeshReduction: Using SimplygonMeshReduction for automatic skeletal mesh reduction
[2020.11.11-19.02.08:790][  0]LogMeshReduction: Using ProxyLODMeshReduction for automatic mesh merging
[2020.11.11-19.02.08:790][  0]LogMeshReduction: No distributed automatic mesh merging module available
[2020.11.11-19.02.08:790][  0]LogMeshMerging: No distributed automatic mesh merging module available
[2020.11.11-19.02.08:827][  0]LogNetVersion: LightningHandsVR 1.0.0, NetCL: 13144385, EngineNetVer: 14, GameNetVer: 0 (Checksum: 3940216980)
[2020.11.11-19.02.10:845][  0]LogAISub: UAISubsystem::UAISubsystem AISubsystem (000002B981CBBE40), frame # 0
[2020.11.11-19.02.10:845][  0]LogAISub: UAISubsystem::UAISubsystem AIPerceptionSystem (000002B981CC6840), frame # 0
[2020.11.11-19.02.10:846][  0]LogAISub: UAISubsystem::UAISubsystem EnvQueryManager (000002B981CDB000), frame # 0
[2020.11.11-19.02.10:913][  0]LogPackageLocalizationCache: Processed 19 localized package path(s) for 1 prioritized culture(s) in 0.058697 seconds
[2020.11.11-19.02.10:920][  0]LogUObjectArray: 15917 objects as part of root set at end of initial load.
[2020.11.11-19.02.10:920][  0]LogUObjectAllocator: 3965568 out of 0 bytes used by permanent object pool.
[2020.11.11-19.02.10:920][  0]LogUObjectArray: CloseDisregardForGC: 0/0 objects in disregard for GC pool
[2020.11.11-19.02.12:771][  0]LogTcpMessaging: Initializing TcpMessaging bridge
[2020.11.11-19.02.12:789][  0]LogUdpMessaging: Initializing bridge on interface 0.0.0.0:0 to multicast group 230.0.0.1:6666.
[2020.11.11-19.02.13:070][  0]LogLinker: Warning: Failed to load '/Game/ThirdPersonBP/ThirdPersonOverview': Can't find file.
[2020.11.11-19.02.13:070][  0]LogLinker: Warning: Failed to load '/Game/ThirdPersonBP/ThirdPersonOverview': Can't find file.
[2020.11.11-19.02.13:071][  0]LogUObjectGlobals: Warning: Failed to find object 'Class /Game/ThirdPersonBP/ThirdPersonOverview.ThirdPersonOverview_C'
[2020.11.11-19.02.13:240][  0]SourceControl: Source control is disabled
[2020.11.11-19.02.13:241][  0]SourceControl: Source control is disabled
[2020.11.11-19.02.13:260][  0]SourceControl: Source control is disabled
[2020.11.11-19.02.13:273][  0]SourceControl: Source control is disabled
[2020.11.11-19.02.13:303][  0]SourceControl: Source control is disabled
[2020.11.11-19.02.14:494][  0]LogAndroidPermission: UAndroidPermissionCallbackProxy::GetInstance
[2020.11.11-19.02.14:560][  0]LogAudioCaptureCore: Display: No Audio Capture implementations found. Audio input will be silent.
[2020.11.11-19.02.14:560][  0]LogAudioCaptureCore: Display: No Audio Capture implementations found. Audio input will be silent.
[2020.11.11-19.02.14:799][  0]LogOcInput: OculusInput pre-init called
[2020.11.11-19.02.15:368][  0]LogEngine: Initializing Engine...
[2020.11.11-19.02.15:430][  0]LogHMD: Failed to initialize OpenVR with code 108
[2020.11.11-19.02.15:431][  0]LogMagicLeap: Warning: VR disabled because ZI is not enabled.  To enable, in the editor, Edit -> Project Settings -> Plugins -> Magic Leap Plugin -> Enable Zero Iteration
[2020.11.11-19.02.15:432][  0]LogStats: UGameplayTagsManager::InitializeManager -  0.000 s
[2020.11.11-19.02.15:803][  0]LogInit: Initializing FReadOnlyCVARCache
[2020.11.11-19.02.15:851][  0]LogAIModule: Creating AISystem for world Untitled
[2020.11.11-19.02.15:851][  0]LogAISub: UAISubsystem::UAISubsystem EnvQueryManager (000002B98D2CBC00), frame # 0
[2020.11.11-19.02.15:851][  0]LogAISub: UAISubsystem::UAISubsystem AIPerceptionSystem (000002B98D321BC0), frame # 0
[2020.11.11-19.02.15:895][  0]LogAudioMixer: Display: Audio Mixer Platform Settings:
[2020.11.11-19.02.15:895][  0]LogAudioMixer: Display: 	Sample Rate:						  48000
[2020.11.11-19.02.15:895][  0]LogAudioMixer: Display: 	Callback Buffer Frame Size Requested: 1024
[2020.11.11-19.02.15:895][  0]LogAudioMixer: Display: 	Callback Buffer Frame Size To Use:	  1024
[2020.11.11-19.02.15:895][  0]LogAudioMixer: Display: 	Number of buffers to queue:			  2
[2020.11.11-19.02.15:895][  0]LogAudioMixer: Display: 	Max Channels (voices):				  32
[2020.11.11-19.02.15:895][  0]LogAudioMixer: Display: 	Number of Async Source Workers:		  0
[2020.11.11-19.02.15:895][  0]LogAudio: Display: AudioDevice MaxSources: 32
[2020.11.11-19.02.15:895][  0]LogAudio: Display: Using built-in audio occlusion.
[2020.11.11-19.02.15:895][  0]LogAudioMixer: Display: Initializing audio mixer.
[2020.11.11-19.02.16:040][  0]LogAudioMixer: Display: 0: FrontLeft
[2020.11.11-19.02.16:040][  0]LogAudioMixer: Display: 1: FrontRight
[2020.11.11-19.02.16:092][  0]LogAudioMixer: Display: Using Audio Device VX238 (NVIDIA High Definition Audio)
[2020.11.11-19.02.16:092][  0]LogAudioMixer: Display: Initializing Sound Submixes...
[2020.11.11-19.02.16:106][  0]LogAudioMixer: Display: Creating Master Submix 'MasterSubmixDefault'
[2020.11.11-19.02.16:106][  0]LogAudioMixer: Display: Creating Master Submix 'MasterReverbSubmixDefault'
[2020.11.11-19.02.16:107][  0]LogAudioMixer: Display: Creating Master Submix 'MasterEQSubmixDefault'
[2020.11.11-19.02.16:108][  0]LogInit: FAudioDevice initialized.
[2020.11.11-19.02.16:108][  0]LogNetVersion: Set ProjectVersion to 1.0.0.0. Version Checksum will be recalculated on next use.
[2020.11.11-19.02.16:288][  0]LogDerivedDataCache: Saved boot cache 0.18s 98MB C:/Users/Doherty/AppData/Local/UnrealEngine/4.25/DerivedDataCache/Boot.ddc.
[2020.11.11-19.02.16:295][  0]LogInit: Texture streaming: Enabled
[2020.11.11-19.02.16:359][  0]LogEngineSessionManager: EngineSessionManager initialized
[2020.11.11-19.02.16:359][  0]LogEditorSessionSummary: Verbose: Initializing EditorSessionSummaryWriter for editor session tracking
[2020.11.11-19.02.16:361][  0]LogEditorSessionSummary: EditorSessionSummaryWriter initialized
[2020.11.11-19.02.16:498][  0]LogInit: Transaction tracking system initialized
[2020.11.11-19.02.16:719][  0]BlueprintLog: New page: Editor Load
[2020.11.11-19.02.17:124][  0]LocalizationService: Localization service is disabled
[2020.11.11-19.02.18:391][  0]LogCook: Display: Max memory allowance for cook 16384mb min free memory 0mb
[2020.11.11-19.02.18:391][  0]LogCook: Display: Mobile HDR setting 1
[2020.11.11-19.02.18:950][  0]LogFileCache: Scanning file cache for directory 'S:/Documents/Unreal/HeroHandsVR/LightningHandsVR/LightningHandsVR/Content/' took 0.00s
[2020.11.11-19.02.19:610][  0]SourceControl: Source control is disabled
[2020.11.11-19.02.19:610][  0]LogUnrealEdMisc: Loading editor; pre map load, took 32.677
[2020.11.11-19.02.19:611][  0]Cmd: MAP LOAD FILE="../../../../../../Documents/Unreal/HeroHandsVR/LightningHandsVR/LightningHandsVR/Content/Lightning/Lightning_map.umap" TEMPLATE=0 SHOWPROGRESS=1 FEATURELEVEL=3
[2020.11.11-19.02.19:640][  0]LightingResults: New page: Lighting Build
[2020.11.11-19.02.19:653][  0]LogWorld: UWorld::CleanupWorld for Untitled, bSessionEnded=true, bCleanupResources=true
[2020.11.11-19.02.19:653][  0]LogSlate: InvalidateAllWidgets triggered.  All widgets were invalidated
[2020.11.11-19.02.19:653][  0]MapCheck: New page: Map Check
[2020.11.11-19.02.19:653][  0]LightingResults: New page: Lighting Build
[2020.11.11-19.02.19:662][  0]LogAISub: UAISubsystem::~UAISubsystem EnvQueryManager (000002B98D2CBC00), frame # 0
[2020.11.11-19.02.19:662][  0]LogAISub: UAISubsystem::~UAISubsystem AIPerceptionSystem (000002B98D321BC0), frame # 0
[2020.11.11-19.02.19:662][  0]LogUObjectHash: Compacting FUObjectHashTables data took   0.53ms
[2020.11.11-19.02.20:759][  0]LogAIModule: Creating AISystem for world Lightning_map
[2020.11.11-19.02.20:759][  0]LogAISub: UAISubsystem::UAISubsystem EnvQueryManager (000002B995323E00), frame # 0
[2020.11.11-19.02.20:759][  0]LogAISub: UAISubsystem::UAISubsystem AIPerceptionSystem (000002B98DE6A340), frame # 0
[2020.11.11-19.02.20:810][  0]LogEditorServer: Finished looking for orphan Actors (0.000 secs)
[2020.11.11-19.02.20:824][  0]LogUObjectHash: Compacting FUObjectHashTables data took   0.88ms
[2020.11.11-19.02.20:824][  0]Cmd: MAP CHECKDEP NOCLEARLOG
[2020.11.11-19.02.20:824][  0]MapCheck: Map check complete: 0 Error(s), 0 Warning(s), took 0.103ms to complete.
[2020.11.11-19.02.20:824][  0]LogFileHelpers: Loading map 'Lightning_map' took 1.214
[2020.11.11-19.02.20:826][  0]LogUnrealEdMisc: Total Editor Startup Time, took 33.893
[2020.11.11-19.02.21:078][  0]LogSlate: Updating window title bar state: overlay mode, drag disabled, window buttons hidden, title bar hidden
[2020.11.11-19.02.21:086][  0]LogSlate: Updating window title bar state: overlay mode, drag disabled, window buttons hidden, title bar hidden
[2020.11.11-19.02.21:093][  0]LogSlate: Updating window title bar state: overlay mode, drag disabled, window buttons hidden, title bar hidden
[2020.11.11-19.02.21:100][  0]LogSlate: Updating window title bar state: overlay mode, drag disabled, window buttons hidden, title bar hidden
[2020.11.11-19.02.21:116][  0]LogCollectionManager: Loaded 0 collections in 0.001097 seconds
[2020.11.11-19.02.21:141][  0]LogFileCache: Scanning file cache for directory 'S:/Documents/Unreal/HeroHandsVR/LightningHandsVR/LightningHandsVR/Saved/Collections/' took 0.00s
[2020.11.11-19.02.21:141][  0]LogFileCache: Scanning file cache for directory 'S:/Documents/Unreal/HeroHandsVR/LightningHandsVR/LightningHandsVR/Content/Developers/Doherty/Collections/' took 0.00s
[2020.11.11-19.02.21:141][  0]LogFileCache: Scanning file cache for directory 'S:/Documents/Unreal/HeroHandsVR/LightningHandsVR/LightningHandsVR/Content/Collections/' took 0.00s
[2020.11.11-19.02.21:141][  0]LogContentBrowser: Native class hierarchy populated in 0.0092 seconds. Added 3427 classes and 821 folders.
[2020.11.11-19.02.21:166][  0]LogContentBrowser: Native class hierarchy updated for 'WidgetCarousel' in 0.0003 seconds. Added 0 classes and 0 folders.
[2020.11.11-19.02.22:045][  0]LogContentBrowser: Native class hierarchy updated for 'AddContentDialog' in 0.0003 seconds. Added 0 classes and 0 folders.
[2020.11.11-19.02.22:046][  0]LogContentBrowser: Native class hierarchy updated for 'SceneOutliner' in 0.0003 seconds. Added 2 classes and 0 folders.
[2020.11.11-19.02.22:790][  0]LogSlate: Took 0.006291 seconds to synchronously load lazily loaded font '../../../Engine/Content/Slate/Fonts/Roboto-Regular.ttf' (155K)
[2020.11.11-19.02.22:795][  0]LogSlate: Took 0.003034 seconds to synchronously load lazily loaded font '../../../Engine/Content/Slate/Fonts/Roboto-Bold.ttf' (160K)
[2020.11.11-19.02.22:808][  0]LogSlate: Took 0.009244 seconds to synchronously load lazily loaded font '../../../Engine/Content/Editor/Slate/Fonts/FontAwesome.ttf' (139K)
[2020.11.11-19.02.22:892][  0]LogRenderer: Reallocating scene render targets to support 1208x632 Format 26 NumSamples 1 (Frame:1).
[2020.11.11-19.02.23:027][  0]LogContentBrowser: Native class hierarchy updated for 'HierarchicalLODOutliner' in 0.0003 seconds. Added 0 classes and 0 folders.
[2020.11.11-19.02.23:027][  0]LogLoad: (Engine Initialization) Total time: 36.09 seconds
[2020.11.11-19.02.23:027][  0]LogLoad: (Engine Initialization) Total Blueprint compile time: 0.00 seconds
[2020.11.11-19.02.23:087][  0]LogAssetRegistry: Asset discovery search completed in 15.3524 seconds
[2020.11.11-19.02.23:091][  0]LogCollectionManager: Fixed up redirectors for 0 collections in 0.000002 seconds (updated 0 objects)
[2020.11.11-19.02.23:092][  0]LogContentStreaming: Texture pool size now 1000 MB
[2020.11.11-19.02.23:120][  0]LogSlate: Took 0.001044 seconds to synchronously load lazily loaded font '../../../Engine/Content/Slate/Fonts/Roboto-Light.ttf' (167K)
[2020.11.11-19.02.24:062][107]LogSlate: Took 0.000142 seconds to synchronously load lazily loaded font '../../../Engine/Content/Slate/Fonts/Roboto-Light.ttf' (167K)
[2020.11.11-19.02.28:785][627]LogTcpMessaging: Started Connection to '127.0.0.1:6666'
[2020.11.11-19.03.36:479][419]LogUObjectHash: Compacting FUObjectHashTables data took   0.92ms
[2020.11.11-19.03.36:511][419]LogPlayLevel: Launcher Device ID: WindowsNoEditor@DOHERTYS-DESKTO
[2020.11.11-19.03.36:547][419]LogPlayLevel: PlayLevel: No blueprints needed recompiling
[2020.11.11-19.03.36:548][419]LogCook: Display: Creating asset registry
[2020.11.11-19.03.36:696][419]LogCook: Display: Discovering localized assets for cultures: en
[2020.11.11-19.03.36:716][419]LogCook: Display: Unable to read previous cook inisettings for platform WindowsNoEditor invalidating cook
[2020.11.11-19.03.36:716][419]LogCook: Display: Clearing all cooked content for platform WindowsNoEditor
[2020.11.11-19.03.36:896][419]LogCook: Display: Sandbox cleanup took 0.198 seconds for platforms WindowsNoEditor 
[2020.11.11-19.03.41:159][419]LogShaderCompilers: Display: Worker (1/5): shaders left to compile 2715
[2020.11.11-19.03.41:159][419]LogShaderCompilers: Display: Worker (2/5): shaders left to compile 2714
[2020.11.11-19.03.41:159][419]LogShaderCompilers: Display: Worker (3/5): shaders left to compile 2713
[2020.11.11-19.03.41:159][419]LogShaderCompilers: Display: Worker (4/5): shaders left to compile 2712
[2020.11.11-19.03.41:684][419]LogShaderCompilers: Display: Worker (4/5): shaders left to compile 2711
[2020.11.11-19.03.41:684][419]LogShaderCompilers: Display: Worker (3/5): shaders left to compile 2710
[2020.11.11-19.03.41:684][419]LogShaderCompilers: Display: Worker (2/5): shaders left to compile 2709
[2020.11.11-19.03.41:684][419]LogShaderCompilers: Display: Worker (1/5): shaders left to compile 2708
[2020.11.11-19.03.41:684][419]LogShaderCompilers: Display: Worker (4/5): shaders left to compile 2707
[2020.11.11-19.03.42:210][419]LogShaderCompilers: Display: Worker (3/5): shaders left to compile 2706
[2020.11.11-19.03.42:210][419]LogShaderCompilers: Display: Worker (2/5): shaders left to compile 2705
[2020.11.11-19.03.42:210][419]LogShaderCompilers: Display: Worker (1/5): shaders left to compile 2704
[2020.11.11-19.03.42:210][419]LogShaderCompilers: Display: Worker (4/5): shaders left to compile 2703
[2020.11.11-19.03.42:210][419]LogShaderCompilers: Display: Worker (3/5): shaders left to compile 2702
[2020.11.11-19.03.42:210][419]LogShaderCompilers: Display: Worker (1/5): shaders left to compile 2701
[2020.11.11-19.03.42:210][419]LogShaderCompilers: Display: Worker (2/5): shaders left to compile 2700
[2020.11.11-19.03.42:210][419]LogShaderCompilers: Display: Worker (4/5): shaders left to compile 2699
[2020.11.11-19.03.42:210][419]LogShaderCompilers: Display: Worker (3/5): shaders left to compile 2698
[2020.11.11-19.03.42:210][419]LogShaderCompilers: Display: Worker (1/5): shaders left to compile 2697
[2020.11.11-19.03.42:210][419]LogShaderCompilers: Display: Worker (2/5): shaders left to compile 2696
[2020.11.11-19.03.42:736][419]LogShaderCompilers: Display: Worker (4/5): shaders left to compile 2695
[2020.11.11-19.03.42:736][419]LogShaderCompilers: Display: Worker (3/5): shaders left to compile 2694
[2020.11.11-19.03.42:736][419]LogShaderCompilers: Display: Worker (1/5): shaders left to compile 2693
[2020.11.11-19.03.42:736][419]LogShaderCompilers: Display: Worker (2/5): shaders left to compile 2692
[2020.11.11-19.03.42:736][419]LogShaderCompilers: Display: Worker (3/5): shaders left to compile 2691
[2020.11.11-19.03.42:736][419]LogShaderCompilers: Display: Worker (4/5): shaders left to compile 2690
[2020.11.11-19.03.42:736][419]LogShaderCompilers: Display: Worker (1/5): shaders left to compile 2689
[2020.11.11-19.03.42:736][419]LogShaderCompilers: Display: Worker (2/5): shaders left to compile 2688
[2020.11.11-19.03.42:736][419]LogShaderCompilers: Display: Worker (4/5): shaders left to compile 2687
[2020.11.11-19.03.42:736][419]LogShaderCompilers: Display: Worker (3/5): shaders left to compile 2686
[2020.11.11-19.03.43:262][419]LogShaderCompilers: Display: Worker (1/5): shaders left to compile 2685
[2020.11.11-19.03.43:262][419]LogShaderCompilers: Display: Worker (2/5): shaders left to compile 2684
[2020.11.11-19.03.43:262][419]LogShaderCompilers: Display: Worker (4/5): shaders left to compile 2683
[2020.11.11-19.03.43:262][419]LogShaderCompilers: Display: Worker (3/5): shaders left to compile 2682
[2020.11.11-19.03.43:262][419]LogShaderCompilers: Display: Worker (2/5): shaders left to compile 2681
[2020.11.11-19.03.43:262][419]LogShaderCompilers: Display: Worker (1/5): shaders left to compile 2680
[2020.11.11-19.03.43:262][419]LogShaderCompilers: Display: Worker (3/5): shaders left to compile 2679
[2020.11.11-19.03.43:262][419]LogShaderCompilers: Display: Worker (4/5): shaders left to compile 2678
[2020.11.11-19.03.43:262][419]LogShaderCompilers: Display: Worker (2/5): shaders left to compile 2677
[2020.11.11-19.03.43:262][419]LogShaderCompilers: Display: Worker (1/5): shaders left to compile 2676
[2020.11.11-19.03.43:262][419]LogShaderCompilers: Display: Worker (3/5): shaders left to compile 2675
[2020.11.11-19.03.43:262][419]LogShaderCompilers: Display: Worker (2/5): shaders left to compile 2674
[2020.11.11-19.03.43:788][419]LogShaderCompilers: Display: Worker (1/5): shaders left to compile 2673
[2020.11.11-19.03.43:788][419]LogShaderCompilers: Display: Worker (2/5): shaders left to compile 2672
[2020.11.11-19.03.43:788][419]LogShaderCompilers: Display: Worker (3/5): shaders left to compile 2671
[2020.11.11-19.03.43:788][419]LogShaderCompilers: Display: Worker (1/5): shaders left to compile 2670
[2020.11.11-19.03.43:788][419]LogShaderCompilers: Display: Worker (2/5): shaders left to compile 2669
[2020.11.11-19.03.43:788][419]LogShaderCompilers: Display: Worker (3/5): shaders left to compile 2668
[2020.11.11-19.03.43:788][419]LogShaderCompilers: Display: Worker (1/5): shaders left to compile 2667
[2020.11.11-19.03.43:788][419]LogShaderCompilers: Display: Worker (2/5): shaders left to compile 2666
[2020.11.11-19.03.43:788][419]LogShaderCompilers: Display: Worker (3/5): shaders left to compile 2665
[2020.11.11-19.03.43:788][419]LogShaderCompilers: Display: Worker (1/5): shaders left to compile 2664
[2020.11.11-19.03.44:315][419]LogShaderCompilers: Display: Worker (4/5): shaders left to compile 2663
[2020.11.11-19.03.44:315][419]LogShaderCompilers: Display: Worker (3/5): shaders left to compile 2662
[2020.11.11-19.03.44:315][419]LogShaderCompilers: Display: Worker (2/5): shaders left to compile 2661
[2020.11.11-19.03.44:315][419]LogShaderCompilers: Display: Worker (1/5): shaders left to compile 2660
[2020.11.11-19.03.44:315][419]LogShaderCompilers: Display: Worker (4/5): shaders left to compile 2659
[2020.11.11-19.03.44:315][419]LogShaderCompilers: Display: Worker (3/5): shaders left to compile 2658
[2020.11.11-19.03.44:315][419]LogShaderCompilers: Display: Worker (2/5): shaders left to compile 2657
[2020.11.11-19.03.44:315][419]LogShaderCompilers: Display: Worker (1/5): shaders left to compile 2656
[2020.11.11-19.03.44:315][419]LogShaderCompilers: Display: Worker (4/5): shaders left to compile 2655
[2020.11.11-19.03.44:315][419]LogShaderCompilers: Display: Worker (1/5): shaders left to compile 2654
[2020.11.11-19.03.44:315][419]LogShaderCompilers: Display: Worker (3/5): shaders left to compile 2653
[2020.11.11-19.03.44:315][419]LogShaderCompilers: Display: Worker (4/5): shaders left to compile 2652
[2020.11.11-19.03.44:315][419]LogShaderCompilers: Display: Worker (2/5): shaders left to compile 2651
[2020.11.11-19.03.44:841][419]LogShaderCompilers: Display: Worker (4/5): shaders left to compile 2650
[2020.11.11-19.03.44:841][419]LogShaderCompilers: Display: Worker (1/5): shaders left to compile 2649
[2020.11.11-19.03.44:841][419]LogShaderCompilers: Display: Worker (3/5): shaders left to compile 2648
[2020.11.11-19.03.44:841][419]LogShaderCompilers: Display: Worker (2/5): shaders left to compile 2647
[2020.11.11-19.03.44:841][419]LogShaderCompilers: Display: Worker (4/5): shaders left to compile 2646
[2020.11.11-19.03.44:841][419]LogShaderCompilers: Display: Worker (1/5): shaders left to compile 2645
[2020.11.11-19.03.44:841][419]LogShaderCompilers: Display: Worker (3/5): shaders left to compile 2644
[2020.11.11-19.03.44:841][419]LogShaderCompilers: Display: Worker (2/5): shaders left to compile 2643
[2020.11.11-19.03.44:841][419]LogShaderCompilers: Display: Worker (4/5): shaders left to compile 2642
[2020.11.11-19.03.44:841][419]LogShaderCompilers: Display: Worker (1/5): shaders left to compile 2641
[2020.11.11-19.03.44:841][419]LogShaderCompilers: Display: Worker (3/5): shaders left to compile 2640
[2020.11.11-19.03.44:842][419]LogShaderCompilers: Display: Worker (2/5): shaders left to compile 2639
[2020.11.11-19.03.45:390][419]LogShaderCompilers: Display: Worker (2/5): shaders left to compile 2638
[2020.11.11-19.03.45:390][419]LogShaderCompilers: Display: Worker (4/5): shaders left to compile 2637
[2020.11.11-19.03.45:390][419]LogShaderCompilers: Display: Worker (2/5): shaders left to compile 2636
[2020.11.11-19.03.45:390][419]LogShaderCompilers: Display: Worker (1/5): shaders left to compile 2635
[2020.11.11-19.03.45:390][419]LogShaderCompilers: Display: Worker (3/5): shaders left to compile 2634
[2020.11.11-19.03.45:390][419]LogShaderCompilers: Display: Worker (4/5): shaders left to compile 2633
[2020.11.11-19.03.45:390][419]LogShaderCompilers: Display: Worker (2/5): shaders left to compile 2632
[2020.11.11-19.03.45:390][419]LogShaderCompilers: Display: Worker (1/5): shaders left to compile 2631
[2020.11.11-19.03.45:390][419]LogShaderCompilers: Display: Worker (3/5): shaders left to compile 2630
[2020.11.11-19.03.45:390][419]LogShaderCompilers: Display: Worker (4/5): shaders left to compile 2629
[2020.11.11-19.03.45:390][419]LogShaderCompilers: Display: Worker (1/5): shaders left to compile 2628
[2020.11.11-19.03.45:390][419]LogShaderCompilers: Display: Worker (3/5): shaders left to compile 2627
[2020.11.11-19.03.45:940][419]LogShaderCompilers: Display: Worker (4/5): shaders left to compile 2626
[2020.11.11-19.03.45:940][419]LogShaderCompilers: Display: Worker (1/5): shaders left to compile 2625
[2020.11.11-19.03.45:940][419]LogShaderCompilers: Display: Worker (3/5): shaders left to compile 2624
[2020.11.11-19.03.45:940][419]LogShaderCompilers: Display: Worker (4/5): shaders left to compile 2623
[2020.11.11-19.03.45:940][419]LogShaderCompilers: Display: Worker (2/5): shaders left to compile 2622
[2020.11.11-19.03.45:940][419]LogShaderCompilers: Display: Worker (2/5): shaders left to compile 2621
[2020.11.11-19.03.46:498][419]LogShaderCompilers: Display: Worker (2/5): shaders left to compile 2620
[2020.11.11-19.03.46:498][419]LogShaderCompilers: Display: Worker (4/5): shaders left to compile 2619
[2020.11.11-19.03.46:498][419]LogShaderCompilers: Display: Worker (3/5): shaders left to compile 2618
[2020.11.11-19.03.46:498][419]LogShaderCompilers: Display: Worker (2/5): shaders left to compile 2617
[2020.11.11-19.03.46:498][419]LogShaderCompilers: Display: Worker (4/5): shaders left to compile 2616
[2020.11.11-19.03.47:038][419]LogShaderCompilers: Display: Worker (1/5): shaders left to compile 2615
[2020.11.11-19.03.47:038][419]LogShaderCompilers: Display: Worker (1/5): shaders left to compile 2614
[2020.11.11-19.03.47:038][419]LogShaderCompilers: Display: Worker (1/5): shaders left to compile 2613
[2020.11.11-19.03.47:038][419]LogShaderCompilers: Display: Worker (1/5): shaders left to compile 2612
[2020.11.11-19.03.47:564][419]LogShaderCompilers: Display: Worker (1/5): shaders left to compile 2611
[2020.11.11-19.03.47:564][419]LogShaderCompilers: Display: Worker (1/5): shaders left to compile 2610
[2020.11.11-19.03.47:564][419]LogShaderCompilers: Display: Worker (1/5): shaders left to compile 2609
[2020.11.11-19.03.48:092][419]LogShaderCompilers: Display: Worker (4/5): shaders left to compile 2608
[2020.11.11-19.03.48:092][419]LogShaderCompilers: Display: Worker (1/5): shaders left to compile 2607
[2020.11.11-19.03.48:092][419]LogShaderCompilers: Display: Worker (4/5): shaders left to compile 2606
[2020.11.11-19.03.48:092][419]LogShaderCompilers: Display: Worker (1/5): shaders left to compile 2605
[2020.11.11-19.03.48:092][419]LogShaderCompilers: Display: Worker (4/5): shaders left to compile 2604
[2020.11.11-19.03.48:092][419]LogShaderCompilers: Display: Worker (1/5): shaders left to compile 2603
[2020.11.11-19.03.48:092][419]LogShaderCompilers: Display: Worker (4/5): shaders left to compile 2602
[2020.11.11-19.03.48:092][419]LogShaderCompilers: Display: Worker (2/5): shaders left to compile 2601
[2020.11.11-19.03.48:647][419]LogShaderCompilers: Display: Worker (1/5): shaders left to compile 2600
[2020.11.11-19.03.48:647][419]LogShaderCompilers: Display: Worker (4/5): shaders left to compile 2599
[2020.11.11-19.03.48:647][419]LogShaderCompilers: Display: Worker (2/5): shaders left to compile 2598
[2020.11.11-19.03.48:647][419]LogShaderCompilers: Display: Worker (4/5): shaders left to compile 2597
[2020.11.11-19.03.48:647][419]LogShaderCompilers: Display: Worker (1/5): shaders left to compile 2596
[2020.11.11-19.03.48:647][419]LogShaderCompilers: Display: Worker (2/5): shaders left to compile 2595
[2020.11.11-19.03.49:213][419]LogShaderCompilers: Display: Worker (4/5): shaders left to compile 2594
[2020.11.11-19.03.49:213][419]LogShaderCompilers: Display: Worker (2/5): shaders left to compile 2593
[2020.11.11-19.03.49:213][419]LogShaderCompilers: Display: Worker (1/5): shaders left to compile 2592
[2020.11.11-19.03.49:213][419]LogShaderCompilers: Display: Worker (4/5): shaders left to compile 2591
[2020.11.11-19.03.49:213][419]LogShaderCompilers: Display: Worker (2/5): shaders left to compile 2590
[2020.11.11-19.03.49:213][419]LogShaderCompilers: Display: Worker (4/5): shaders left to compile 2589
[2020.11.11-19.03.49:213][419]LogShaderCompilers: Display: Worker (1/5): shaders left to compile 2588
[2020.11.11-19.03.49:752][419]LogShaderCompilers: Display: Worker (2/5): shaders left to compile 2587
[2020.11.11-19.03.49:754][419]LogShaderCompilers: Display: Worker (4/5): shaders left to compile 2586
[2020.11.11-19.03.49:754][419]LogShaderCompilers: Display: Worker (1/5): shaders left to compile 2585
[2020.11.11-19.03.49:754][419]LogShaderCompilers: Display: Worker (2/5): shaders left to compile 2584
[2020.11.11-19.03.49:754][419]LogShaderCompilers: Display: Worker (4/5): shaders left to compile 2583
[2020.11.11-19.03.49:754][419]LogShaderCompilers: Display: Worker (1/5): shaders left to compile 2582
[2020.11.11-19.03.49:754][419]LogShaderCompilers: Display: Worker (2/5): shaders left to compile 2581
[2020.11.11-19.03.49:754][419]LogShaderCompilers: Display: Worker (4/5): shaders left to compile 2580
[2020.11.11-19.03.49:755][419]LogShaderCompilers: Display: Worker (1/5): shaders left to compile 2579
[2020.11.11-19.03.50:468][419]LogShaderCompilers: Display: Worker (4/5): shaders left to compile 2578
[2020.11.11-19.03.50:468][419]LogShaderCompilers: Display: Worker (1/5): shaders left to compile 2577
[2020.11.11-19.03.50:468][419]LogShaderCompilers: Display: Worker (2/5): shaders left to compile 2576
[2020.11.11-19.03.50:468][419]LogShaderCompilers: Display: Worker (4/5): shaders left to compile 2575
[2020.11.11-19.03.50:468][419]LogShaderCompilers: Display: Worker (1/5): shaders left to compile 2574
[2020.11.11-19.03.50:468][419]LogShaderCompilers: Display: Worker (2/5): shaders left to compile 2573
[2020.11.11-19.03.51:118][419]LogShaderCompilers: Display: Worker (2/5): shaders left to compile 2572
[2020.11.11-19.03.51:118][419]LogShaderCompilers: Display: Worker (1/5): shaders left to compile 2571
[2020.11.11-19.03.51:118][419]LogShaderCompilers: Display: Worker (1/5): shaders left to compile 2570
[2020.11.11-19.03.51:118][419]LogShaderCompilers: Display: Worker (4/5): shaders left to compile 2569
[2020.11.11-19.03.51:118][419]LogShaderCompilers: Display: Worker (2/5): shaders left to compile 2568
[2020.11.11-19.03.51:118][419]LogShaderCompilers: Display: Worker (1/5): shaders left to compile 2567
[2020.11.11-19.03.51:674][419]LogShaderCompilers: Display: Worker (4/5): shaders left to compile 2566
[2020.11.11-19.03.51:674][419]LogShaderCompilers: Display: Worker (2/5): shaders left to compile 2565
[2020.11.11-19.03.51:674][419]LogShaderCompilers: Display: Worker (1/5): shaders left to compile 2564
[2020.11.11-19.03.51:674][419]LogShaderCompilers: Display: Worker (4/5): shaders left to compile 2563
[2020.11.11-19.03.51:674][419]LogShaderCompilers: Display: Worker (2/5): shaders left to compile 2562
[2020.11.11-19.03.51:674][419]LogShaderCompilers: Display: Worker (1/5): shaders left to compile 2561
[2020.11.11-19.03.51:674][419]LogShaderCompilers: Display: Worker (4/5): shaders left to compile 2560
[2020.11.11-19.03.52:208][419]LogShaderCompilers: Display: Worker (2/5): shaders left to compile 2559
[2020.11.11-19.03.52:208][419]LogShaderCompilers: Display: Worker (1/5): shaders left to compile 2558
[2020.11.11-19.03.52:208][419]LogShaderCompilers: Display: Worker (4/5): shaders left to compile 2557
[2020.11.11-19.03.52:208][419]LogShaderCompilers: Display: Worker (2/5): shaders left to compile 2556
[2020.11.11-19.03.52:208][419]LogShaderCompilers: Display: Worker (1/5): shaders left to compile 2555
[2020.11.11-19.03.53:817][419]LogShaderCompilers: Display: Worker (1/5): shaders left to compile 2554
[2020.11.11-19.03.54:344][419]LogShaderCompilers: Display: Worker (1/5): shaders left to compile 2553
[2020.11.11-19.03.54:344][419]LogShaderCompilers: Display: Worker (2/5): shaders left to compile 2552
[2020.11.11-19.03.54:344][419]LogShaderCompilers: Display: Worker (1/5): shaders left to compile 2551
[2020.11.11-19.03.54:870][419]LogShaderCompilers: Display: Worker (4/5): shaders left to compile 2550
[2020.11.11-19.03.56:978][419]LogShaderCompilers: Display: Worker (1/5): shaders left to compile 2549
[2020.11.11-19.03.56:978][419]LogShaderCompilers: Display: Worker (2/5): shaders left to compile 2548
[2020.11.11-19.03.56:978][419]LogShaderCompilers: Display: Worker (4/5): shaders left to compile 2547
[2020.11.11-19.03.59:314][419]LogShaderCompilers: Display: Worker (2/5): shaders left to compile 2546
[2020.11.11-19.03.59:314][419]LogShaderCompilers: Display: Worker (4/5): shaders left to compile 2545
[2020.11.11-19.03.59:314][419]LogShaderCompilers: Display: Worker (1/5): shaders left to compile 2544
[2020.11.11-19.04.01:166][419]LogShaderCompilers: Display: Worker (2/5): shaders left to compile 2543
[2020.11.11-19.04.01:700][419]LogShaderCompilers: Display: Worker (4/5): shaders left to compile 2542
[2020.11.11-19.04.02:313][419]LogShaderCompilers: Display: Worker (1/5): shaders left to compile 2541
[2020.11.11-19.04.03:426][419]LogShaderCompilers: Display: Worker (2/5): shaders left to compile 2540
[2020.11.11-19.04.03:426][419]LogShaderCompilers: Display: Worker (4/5): shaders left to compile 2539
[2020.11.11-19.04.03:989][419]LogShaderCompilers: Display: Worker (3/5): shaders left to compile 2538
[2020.11.11-19.04.04:591][419]LogShaderCompilers: Display: Worker (1/5): shaders left to compile 2537
[2020.11.11-19.04.05:124][419]LogShaderCompilers: Display: Worker (2/5): shaders left to compile 2536
[2020.11.11-19.04.05:654][419]LogShaderCompilers: Display: Worker (4/5): shaders left to compile 2535
[2020.11.11-19.04.05:654][419]LogShaderCompilers: Display: Worker (3/5): shaders left to compile 2534
[2020.11.11-19.04.06:184][419]LogShaderCompilers: Display: Worker (1/5): shaders left to compile 2533
[2020.11.11-19.04.07:272][419]LogShaderCompilers: Display: Worker (2/5): shaders left to compile 2532
[2020.11.11-19.04.08:376][419]LogShaderCompilers: Display: Worker (4/5): shaders left to compile 2531
[2020.11.11-19.04.09:450][419]LogShaderCompilers: Display: Worker (3/5): shaders left to compile 2530
[2020.11.11-19.04.10:515][419]LogShaderCompilers: Display: Worker (1/5): shaders left to compile 2529
[2020.11.11-19.04.12:135][419]LogShaderCompilers: Display: Worker (2/5): shaders left to compile 2528
[2020.11.11-19.04.13:776][419]LogShaderCompilers: Display: Worker (4/5): shaders left to compile 2527
[2020.11.11-19.04.15:914][419]LogShaderCompilers: Display: Worker (3/5): shaders left to compile 2526
[2020.11.11-19.04.17:518][419]LogShaderCompilers: Display: Worker (1/5): shaders left to compile 2525
[2020.11.11-19.04.20:171][419]LogShaderCompilers: Display: Worker (2/5): shaders left to compile 2524
[2020.11.11-19.04.22:798][419]LogShaderCompilers: Display: Worker (4/5): shaders left to compile 2523
[2020.11.11-19.04.25:426][419]LogShaderCompilers: Display: Worker (3/5): shaders left to compile 2522
[2020.11.11-19.04.28:053][419]LogShaderCompilers: Display: Worker (1/5): shaders left to compile 2521
[2020.11.11-19.04.30:679][419]LogShaderCompilers: Display: Worker (2/5): shaders left to compile 2520
[2020.11.11-19.04.32:778][419]LogShaderCompilers: Display: Worker (2/5): shaders left to compile 2519
[2020.11.11-19.04.34:351][419]LogShaderCompilers: Display: Worker (2/5): shaders left to compile 2518
[2020.11.11-19.04.34:351][419]LogShaderCompilers: Display: Worker (4/5): shaders left to compile 2517
[2020.11.11-19.04.35:926][419]LogShaderCompilers: Display: Worker (2/5): shaders left to compile 2516
[2020.11.11-19.04.35:926][419]LogShaderCompilers: Display: Worker (4/5): shaders left to compile 2515
[2020.11.11-19.04.36:978][419]LogShaderCompilers: Display: Worker (2/5): shaders left to compile 2514
[2020.11.11-19.04.37:524][419]LogShaderCompilers: Display: Worker (4/5): shaders left to compile 2513
[2020.11.11-19.04.37:524][419]LogShaderCompilers: Display: Worker (3/5): shaders left to compile 2512
[2020.11.11-19.04.38:606][419]LogShaderCompilers: Display: Worker (2/5): shaders left to compile 2511
[2020.11.11-19.04.39:142][419]LogShaderCompilers: Display: Worker (4/5): shaders left to compile 2510
[2020.11.11-19.04.39:142][419]LogShaderCompilers: Display: Worker (3/5): shaders left to compile 2509
[2020.11.11-19.04.40:221][419]LogShaderCompilers: Display: Worker (2/5): shaders left to compile 2508
[2020.11.11-19.04.40:221][419]LogShaderCompilers: Display: Worker (4/5): shaders left to compile 2507
[2020.11.11-19.04.40:221][419]LogShaderCompilers: Display: Worker (3/5): shaders left to compile 2506
[2020.11.11-19.04.40:762][419]LogShaderCompilers: Display: Worker (1/5): shaders left to compile 2505
[2020.11.11-19.04.41:844][419]LogShaderCompilers: Display: Worker (2/5): shaders left to compile 2504
[2020.11.11-19.04.42:388][419]LogShaderCompilers: Display: Worker (4/5): shaders left to compile 2503
[2020.11.11-19.04.42:388][419]LogShaderCompilers: Display: Worker (3/5): shaders left to compile 2502
[2020.11.11-19.04.42:388][419]LogShaderCompilers: Display: Worker (1/5): shaders left to compile 2501
[2020.11.11-19.04.44:635][419]LogShaderCompilers: Display: Worker (2/5): shaders left to compile 2500
[2020.11.11-19.04.46:834][419]LogShaderCompilers: Display: Worker (4/5): shaders left to compile 2499
[2020.11.11-19.04.47:380][419]LogShaderCompilers: Display: Worker (3/5): shaders left to compile 2498
[2020.11.11-19.04.49:571][419]LogShaderCompilers: Display: Worker (1/5): shaders left to compile 2497
[2020.11.11-19.04.52:300][419]LogShaderCompilers: Display: Worker (2/5): shaders left to compile 2496
[2020.11.11-19.04.54:349][419]LogTcpMessaging: Started Connection to '127.0.0.1:6666'
[2020.11.11-19.04.56:132][419]LogShaderCompilers: Display: Worker (4/5): shaders left to compile 2495
[2020.11.11-19.05.00:034][419]LogShaderCompilers: Display: Worker (3/5): shaders left to compile 2494
[2020.11.11-19.05.04:030][419]LogShaderCompilers: Display: Worker (1/5): shaders left to compile 2493
[2020.11.11-19.05.08:430][419]LogShaderCompilers: Display: Worker (2/5): shaders left to compile 2492
[2020.11.11-19.05.13:809][419]LogShaderCompilers: Display: Worker (4/5): shaders left to compile 2491
[2020.11.11-19.05.19:131][419]LogShaderCompilers: Display: Worker (3/5): shaders left to compile 2490
[2020.11.11-19.05.24:498][419]LogShaderCompilers: Display: Worker (1/5): shaders left to compile 2489
